<?xml version="1.0" encoding="UTF-8"?>
<coverage generated="1775199937474" clover="3.2.0">
  <project timestamp="1775199937474" name="All files">
    <metrics statements="298" coveredstatements="276" conditionals="146" coveredconditionals="131" methods="66" coveredmethods="62" elements="510" coveredelements="469" complexity="0" loc="298" ncloc="298" packages="5" files="18" classes="18"/>
    <package name="src">
      <metrics statements="19" coveredstatements="16" conditionals="11" coveredconditionals="8" methods="2" coveredmethods="1"/>
      <file name="prisma.js" path="D:\Uni\SENG2021\H14B_CoolCoolCool\backend\src\prisma.js">
        <metrics statements="3" coveredstatements="3" conditionals="2" coveredconditionals="1" methods="0" coveredmethods="0"/>
        <line num="4" count="13" type="cond" truecount="1" falsecount="1"/>
        <line num="5" count="13" type="stmt"/>
        <line num="7" count="13" type="stmt"/>
      </file>
      <file name="server.js" path="D:\Uni\SENG2021\H14B_CoolCoolCool\backend\src\server.js">
        <metrics statements="16" coveredstatements="13" conditionals="9" coveredconditionals="7" methods="2" coveredmethods="1"/>
        <line num="11" count="13" type="stmt"/>
        <line num="12" count="13" type="cond" truecount="2" falsecount="0"/>
        <line num="15" count="13" type="stmt"/>
        <line num="16" count="13" type="stmt"/>
        <line num="17" count="13" type="stmt"/>
        <line num="18" count="13" type="stmt"/>
        <line num="19" count="13" type="stmt"/>
        <line num="20" count="13" type="stmt"/>
        <line num="21" count="13" type="stmt"/>
        <line num="23" count="13" type="stmt"/>
        <line num="24" count="5" type="cond" truecount="4" falsecount="1"/>
        <line num="25" count="5" type="stmt"/>
        <line num="27" count="0" type="stmt"/>
        <line num="30" count="13" type="cond" truecount="1" falsecount="1"/>
        <line num="31" count="0" type="stmt"/>
        <line num="32" count="0" type="stmt"/>
      </file>
    </package>
    <package name="src.controllers">
      <metrics statements="153" coveredstatements="137" conditionals="101" coveredconditionals="93" methods="17" coveredmethods="17"/>
      <file name="buyerController.js" path="D:\Uni\SENG2021\H14B_CoolCoolCool\backend\src\controllers\buyerController.js">
        <metrics statements="15" coveredstatements="13" conditionals="17" coveredconditionals="15" methods="2" coveredmethods="2"/>
        <line num="4" count="4" type="stmt"/>
        <line num="5" count="4" type="cond" truecount="9" falsecount="0"/>
        <line num="6" count="1" type="stmt"/>
        <line num="8" count="3" type="stmt"/>
        <line num="9" count="3" type="stmt"/>
        <line num="10" count="2" type="stmt"/>
        <line num="12" count="1" type="cond" truecount="1" falsecount="1"/>
        <line num="13" count="0" type="stmt"/>
        <line num="18" count="4" type="stmt"/>
        <line num="19" count="4" type="cond" truecount="4" falsecount="0"/>
        <line num="20" count="3" type="stmt"/>
        <line num="21" count="3" type="stmt"/>
        <line num="22" count="1" type="stmt"/>
        <line num="24" count="2" type="cond" truecount="1" falsecount="1"/>
        <line num="25" count="0" type="stmt"/>
      </file>
      <file name="healthController.js" path="D:\Uni\SENG2021\H14B_CoolCoolCool\backend\src\controllers\healthController.js">
        <metrics statements="1" coveredstatements="1" conditionals="0" coveredconditionals="0" methods="1" coveredmethods="1"/>
        <line num="2" count="1" type="stmt"/>
      </file>
      <file name="orderController.js" path="D:\Uni\SENG2021\H14B_CoolCoolCool\backend\src\controllers\orderController.js">
        <metrics statements="62" coveredstatements="61" conditionals="24" coveredconditionals="24" methods="6" coveredmethods="6"/>
        <line num="4" count="13" type="stmt"/>
        <line num="8" count="7" type="stmt"/>
        <line num="9" count="7" type="stmt"/>
        <line num="11" count="7" type="cond" truecount="2" falsecount="0"/>
        <line num="12" count="1" type="stmt"/>
        <line num="15" count="6" type="stmt"/>
        <line num="17" count="6" type="cond" truecount="6" falsecount="0"/>
        <line num="18" count="1" type="stmt"/>
        <line num="23" count="5" type="stmt"/>
        <line num="24" count="5" type="stmt"/>
        <line num="25" count="5" type="stmt"/>
        <line num="26" count="5" type="stmt"/>
        <line num="27" count="5" type="stmt"/>
        <line num="29" count="5" type="stmt"/>
        <line num="30" count="5" type="stmt"/>
        <line num="43" count="1" type="stmt"/>
        <line num="44" count="1" type="stmt"/>
        <line num="49" count="4" type="stmt"/>
        <line num="61" count="0" type="stmt"/>
        <line num="66" count="8" type="stmt"/>
        <line num="68" count="8" type="stmt"/>
        <line num="69" count="8" type="stmt"/>
        <line num="71" count="7" type="cond" truecount="2" falsecount="0"/>
        <line num="72" count="3" type="stmt"/>
        <line num="75" count="4" type="stmt"/>
        <line num="77" count="4" type="stmt"/>
        <line num="88" count="1" type="stmt"/>
        <line num="89" count="1" type="stmt"/>
        <line num="94" count="6" type="stmt"/>
        <line num="96" count="6" type="stmt"/>
        <line num="97" count="6" type="stmt"/>
        <line num="99" count="5" type="cond" truecount="2" falsecount="0"/>
        <line num="100" count="2" type="stmt"/>
        <line num="103" count="3" type="stmt"/>
        <line num="105" count="3" type="stmt"/>
        <line num="111" count="1" type="stmt"/>
        <line num="112" count="1" type="stmt"/>
        <line num="120" count="5" type="stmt"/>
        <line num="122" count="5" type="cond" truecount="4" falsecount="0"/>
        <line num="123" count="1" type="stmt"/>
        <line num="126" count="4" type="stmt"/>
        <line num="127" count="4" type="stmt"/>
        <line num="129" count="3" type="cond" truecount="2" falsecount="0"/>
        <line num="130" count="1" type="stmt"/>
        <line num="133" count="2" type="stmt"/>
        <line num="142" count="2" type="stmt"/>
        <line num="143" count="2" type="stmt"/>
        <line num="144" count="2" type="stmt"/>
        <line num="145" count="2" type="stmt"/>
        <line num="147" count="2" type="stmt"/>
        <line num="155" count="2" type="stmt"/>
        <line num="166" count="1" type="stmt"/>
        <line num="167" count="1" type="stmt"/>
        <line num="172" count="6" type="stmt"/>
        <line num="174" count="6" type="stmt"/>
        <line num="175" count="6" type="cond" truecount="2" falsecount="0"/>
        <line num="176" count="6" type="cond" truecount="2" falsecount="0"/>
        <line num="178" count="6" type="stmt"/>
        <line num="179" count="6" type="stmt"/>
        <line num="180" count="5" type="stmt"/>
        <line num="187" count="1" type="stmt"/>
        <line num="188" count="1" type="stmt"/>
      </file>
      <file name="productController.js" path="D:\Uni\SENG2021\H14B_CoolCoolCool\backend\src\controllers\productController.js">
        <metrics statements="60" coveredstatements="49" conditionals="37" coveredconditionals="33" methods="6" coveredmethods="6"/>
        <line num="5" count="7" type="stmt"/>
        <line num="7" count="7" type="cond" truecount="2" falsecount="0"/>
        <line num="8" count="1" type="stmt"/>
        <line num="11" count="6" type="stmt"/>
        <line num="13" count="6" type="cond" truecount="11" falsecount="0"/>
        <line num="14" count="1" type="stmt"/>
        <line num="18" count="5" type="stmt"/>
        <line num="19" count="5" type="stmt"/>
        <line num="20" count="5" type="stmt"/>
        <line num="35" count="1" type="cond" truecount="1" falsecount="1"/>
        <line num="36" count="1" type="stmt"/>
        <line num="38" count="0" type="stmt"/>
        <line num="41" count="4" type="stmt"/>
        <line num="47" count="0" type="stmt"/>
        <line num="52" count="5" type="stmt"/>
        <line num="54" count="5" type="stmt"/>
        <line num="55" count="5" type="stmt"/>
        <line num="56" count="5" type="cond" truecount="1" falsecount="1"/>
        <line num="57" count="5" type="cond" truecount="2" falsecount="0"/>
        <line num="59" count="5" type="stmt"/>
        <line num="66" count="5" type="stmt"/>
        <line num="69" count="0" type="stmt"/>
        <line num="70" count="0" type="stmt"/>
        <line num="78" count="4" type="stmt"/>
        <line num="80" count="4" type="stmt"/>
        <line num="81" count="4" type="stmt"/>
        <line num="83" count="4" type="cond" truecount="2" falsecount="0"/>
        <line num="84" count="2" type="stmt"/>
        <line num="87" count="2" type="stmt"/>
        <line num="90" count="0" type="stmt"/>
        <line num="91" count="0" type="stmt"/>
        <line num="96" count="3" type="stmt"/>
        <line num="98" count="3" type="stmt"/>
        <line num="99" count="3" type="stmt"/>
        <line num="101" count="3" type="cond" truecount="2" falsecount="0"/>
        <line num="102" count="1" type="stmt"/>
        <line num="105" count="2" type="stmt"/>
        <line num="113" count="2" type="stmt"/>
        <line num="117" count="1" type="stmt"/>
        <line num="120" count="1" type="stmt"/>
        <line num="121" count="1" type="stmt"/>
        <line num="126" count="1" type="stmt"/>
        <line num="128" count="1" type="stmt"/>
        <line num="129" count="1" type="stmt"/>
        <line num="131" count="1" type="cond" truecount="1" falsecount="1"/>
        <line num="132" count="0" type="stmt"/>
        <line num="135" count="1" type="stmt"/>
        <line num="137" count="1" type="stmt"/>
        <line num="143" count="0" type="stmt"/>
        <line num="144" count="0" type="stmt"/>
        <line num="152" count="3" type="stmt"/>
        <line num="154" count="3" type="stmt"/>
        <line num="155" count="3" type="stmt"/>
        <line num="157" count="3" type="cond" truecount="2" falsecount="0"/>
        <line num="158" count="1" type="stmt"/>
        <line num="160" count="2" type="stmt"/>
        <line num="162" count="2" type="stmt"/>
        <line num="163" count="2" type="stmt"/>
        <line num="166" count="0" type="stmt"/>
        <line num="167" count="0" type="stmt"/>
      </file>
      <file name="sellerController.js" path="D:\Uni\SENG2021\H14B_CoolCoolCool\backend\src\controllers\sellerController.js">
        <metrics statements="15" coveredstatements="13" conditionals="23" coveredconditionals="21" methods="2" coveredmethods="2"/>
        <line num="4" count="4" type="stmt"/>
        <line num="5" count="4" type="cond" truecount="15" falsecount="0"/>
        <line num="6" count="2" type="stmt"/>
        <line num="8" count="2" type="stmt"/>
        <line num="9" count="2" type="stmt"/>
        <line num="10" count="1" type="stmt"/>
        <line num="12" count="1" type="cond" truecount="1" falsecount="1"/>
        <line num="13" count="0" type="stmt"/>
        <line num="18" count="4" type="stmt"/>
        <line num="19" count="4" type="cond" truecount="4" falsecount="0"/>
        <line num="20" count="3" type="stmt"/>
        <line num="21" count="3" type="stmt"/>
        <line num="22" count="1" type="stmt"/>
        <line num="24" count="2" type="cond" truecount="1" falsecount="1"/>
        <line num="25" count="0" type="stmt"/>
      </file>
    </package>
    <package name="src.middleware">
      <metrics statements="8" coveredstatements="8" conditionals="4" coveredconditionals="3" methods="1" coveredmethods="1"/>
      <file name="auth.js" path="D:\Uni\SENG2021\H14B_CoolCoolCool\backend\src\middleware\auth.js">
        <metrics statements="8" coveredstatements="8" conditionals="4" coveredconditionals="3" methods="1" coveredmethods="1"/>
        <line num="4" count="73" type="stmt"/>
        <line num="5" count="73" type="cond" truecount="2" falsecount="0"/>
        <line num="7" count="65" type="cond" truecount="1" falsecount="1"/>
        <line num="9" count="65" type="stmt"/>
        <line num="10" count="65" type="stmt"/>
        <line num="11" count="55" type="stmt"/>
        <line num="12" count="55" type="stmt"/>
        <line num="14" count="10" type="stmt"/>
      </file>
    </package>
    <package name="src.routes">
      <metrics statements="53" coveredstatements="51" conditionals="0" coveredconditionals="0" methods="24" coveredmethods="22"/>
      <file name="buyers.js" path="D:\Uni\SENG2021\H14B_CoolCoolCool\backend\src\routes\buyers.js">
        <metrics statements="3" coveredstatements="3" conditionals="0" coveredconditionals="0" methods="0" coveredmethods="0"/>
        <line num="4" count="13" type="stmt"/>
        <line num="35" count="13" type="stmt"/>
        <line num="58" count="13" type="stmt"/>
      </file>
      <file name="docs.js" path="D:\Uni\SENG2021\H14B_CoolCoolCool\backend\src\routes\docs.js">
        <metrics statements="10" coveredstatements="8" conditionals="0" coveredconditionals="0" methods="2" coveredmethods="0"/>
        <line num="6" count="13" type="stmt"/>
        <line num="7" count="13" type="stmt"/>
        <line num="9" count="13" type="stmt"/>
        <line num="11" count="13" type="stmt"/>
        <line num="28" count="13" type="stmt"/>
        <line num="33" count="13" type="stmt"/>
        <line num="35" count="13" type="stmt"/>
        <line num="36" count="0" type="stmt"/>
        <line num="61" count="13" type="stmt"/>
        <line num="62" count="0" type="stmt"/>
      </file>
      <file name="health.js" path="D:\Uni\SENG2021\H14B_CoolCoolCool\backend\src\routes\health.js">
        <metrics statements="2" coveredstatements="2" conditionals="0" coveredconditionals="0" methods="0" coveredmethods="0"/>
        <line num="4" count="13" type="stmt"/>
        <line num="32" count="13" type="stmt"/>
      </file>
      <file name="orders.js" path="D:\Uni\SENG2021\H14B_CoolCoolCool\backend\src\routes\orders.js">
        <metrics statements="16" coveredstatements="16" conditionals="0" coveredconditionals="0" methods="10" coveredmethods="10"/>
        <line num="5" count="13" type="stmt"/>
        <line num="113" count="13" type="stmt"/>
        <line num="114" count="8" type="stmt"/>
        <line num="116" count="7" type="stmt"/>
        <line num="155" count="13" type="stmt"/>
        <line num="156" count="10" type="stmt"/>
        <line num="158" count="8" type="stmt"/>
        <line num="197" count="13" type="stmt"/>
        <line num="198" count="8" type="stmt"/>
        <line num="200" count="6" type="stmt"/>
        <line num="241" count="13" type="stmt"/>
        <line num="242" count="8" type="stmt"/>
        <line num="244" count="6" type="stmt"/>
        <line num="357" count="13" type="stmt"/>
        <line num="358" count="7" type="stmt"/>
        <line num="360" count="5" type="stmt"/>
      </file>
      <file name="products.js" path="D:\Uni\SENG2021\H14B_CoolCoolCool\backend\src\routes\products.js">
        <metrics statements="19" coveredstatements="19" conditionals="0" coveredconditionals="0" methods="12" coveredmethods="12"/>
        <line num="5" count="13" type="stmt"/>
        <line num="7" count="13" type="stmt"/>
        <line num="8" count="8" type="stmt"/>
        <line num="10" count="7" type="stmt"/>
        <line num="13" count="13" type="stmt"/>
        <line num="14" count="7" type="stmt"/>
        <line num="16" count="5" type="stmt"/>
        <line num="19" count="13" type="stmt"/>
        <line num="20" count="8" type="stmt"/>
        <line num="22" count="4" type="stmt"/>
        <line num="25" count="13" type="stmt"/>
        <line num="26" count="3" type="stmt"/>
        <line num="28" count="3" type="stmt"/>
        <line num="31" count="13" type="stmt"/>
        <line num="32" count="1" type="stmt"/>
        <line num="34" count="1" type="stmt"/>
        <line num="37" count="13" type="stmt"/>
        <line num="38" count="5" type="stmt"/>
        <line num="40" count="3" type="stmt"/>
      </file>
      <file name="sellers.js" path="D:\Uni\SENG2021\H14B_CoolCoolCool\backend\src\routes\sellers.js">
        <metrics statements="3" coveredstatements="3" conditionals="0" coveredconditionals="0" methods="0" coveredmethods="0"/>
        <line num="4" count="13" type="stmt"/>
        <line num="38" count="13" type="stmt"/>
        <line num="61" count="13" type="stmt"/>
      </file>
    </package>
    <package name="src.services">
      <metrics statements="65" coveredstatements="64" conditionals="30" coveredconditionals="27" methods="22" coveredmethods="21"/>
      <file name="orderService.js" path="D:\Uni\SENG2021\H14B_CoolCoolCool\backend\src\services\orderService.js">
        <metrics statements="5" coveredstatements="5" conditionals="0" coveredconditionals="0" methods="5" coveredmethods="5"/>
        <line num="4" count="5" type="stmt"/>
        <line num="8" count="18" type="stmt"/>
        <line num="12" count="3" type="stmt"/>
        <line num="16" count="2" type="stmt"/>
        <line num="20" count="6" type="stmt"/>
      </file>
      <file name="productService.js" path="D:\Uni\SENG2021\H14B_CoolCoolCool\backend\src\services\productService.js">
        <metrics statements="7" coveredstatements="6" conditionals="10" coveredconditionals="9" methods="7" coveredmethods="6"/>
        <line num="4" count="5" type="stmt"/>
        <line num="8" count="5" type="stmt"/>
        <line num="24" count="12" type="stmt"/>
        <line num="28" count="1" type="stmt"/>
        <line num="32" count="2" type="stmt"/>
        <line num="36" count="0" type="stmt"/>
        <line num="40" count="2" type="stmt"/>
      </file>
      <file name="userService.js" path="D:\Uni\SENG2021\H14B_CoolCoolCool\backend\src\services\userService.js">
        <metrics statements="44" coveredstatements="44" conditionals="12" coveredconditionals="12" methods="4" coveredmethods="4"/>
        <line num="8" count="3" type="stmt"/>
        <line num="10" count="3" type="stmt"/>
        <line num="11" count="3" type="cond" truecount="2" falsecount="0"/>
        <line num="12" count="1" type="stmt"/>
        <line num="13" count="1" type="stmt"/>
        <line num="14" count="1" type="stmt"/>
        <line num="17" count="2" type="stmt"/>
        <line num="18" count="2" type="stmt"/>
        <line num="22" count="2" type="stmt"/>
        <line num="28" count="2" type="stmt"/>
        <line num="32" count="3" type="stmt"/>
        <line num="33" count="3" type="cond" truecount="2" falsecount="0"/>
        <line num="34" count="1" type="stmt"/>
        <line num="35" count="1" type="stmt"/>
        <line num="36" count="1" type="stmt"/>
        <line num="39" count="2" type="stmt"/>
        <line num="40" count="2" type="cond" truecount="2" falsecount="0"/>
        <line num="41" count="1" type="stmt"/>
        <line num="42" count="1" type="stmt"/>
        <line num="43" count="1" type="stmt"/>
        <line num="46" count="1" type="stmt"/>
        <line num="52" count="1" type="stmt"/>
        <line num="58" count="2" type="stmt"/>
        <line num="60" count="2" type="stmt"/>
        <line num="61" count="2" type="cond" truecount="2" falsecount="0"/>
        <line num="62" count="1" type="stmt"/>
        <line num="63" count="1" type="stmt"/>
        <line num="64" count="1" type="stmt"/>
        <line num="67" count="1" type="stmt"/>
        <line num="68" count="1" type="stmt"/>
        <line num="72" count="1" type="stmt"/>
        <line num="78" count="1" type="stmt"/>
        <line num="82" count="3" type="stmt"/>
        <line num="83" count="3" type="cond" truecount="2" falsecount="0"/>
        <line num="84" count="1" type="stmt"/>
        <line num="85" count="1" type="stmt"/>
        <line num="86" count="1" type="stmt"/>
        <line num="89" count="2" type="stmt"/>
        <line num="90" count="2" type="cond" truecount="2" falsecount="0"/>
        <line num="91" count="1" type="stmt"/>
        <line num="92" count="1" type="stmt"/>
        <line num="93" count="1" type="stmt"/>
        <line num="96" count="1" type="stmt"/>
        <line num="102" count="1" type="stmt"/>
      </file>
      <file name="xmlService.js" path="D:\Uni\SENG2021\H14B_CoolCoolCool\backend\src\services\xmlService.js">
        <metrics statements="9" coveredstatements="9" conditionals="8" coveredconditionals="6" methods="6" coveredmethods="6"/>
        <line num="5" count="12" type="cond" truecount="4" falsecount="0"/>
        <line num="7" count="11" type="stmt"/>
        <line num="10" count="21" type="stmt"/>
        <line num="30" count="11" type="stmt"/>
        <line num="143" count="11" type="stmt"/>
        <line num="147" count="178" type="stmt"/>
        <line num="151" count="47" type="stmt"/>
        <line num="152" count="47" type="stmt"/>
        <line num="156" count="18" type="stmt"/>
      </file>
    </package>
  </project>
</coverage>
