{"D:\\Uni\\SENG2021\\H14B_CoolCoolCool\\backend\\src\\prisma.js": {"path":"D:\\Uni\\SENG2021\\H14B_CoolCoolCool\\backend\\src\\prisma.js","statementMap":{"0":{"start":{"line":4,"column":0},"end":{"line":6,"column":1}},"1":{"start":{"line":5,"column":2},"end":{"line":5,"column":37}},"2":{"start":{"line":7,"column":0},"end":{"line":7,"column":23}}},"fnMap":{},"branchMap":{"0":{"loc":{"start":{"line":4,"column":0},"end":{"line":6,"column":1}},"type":"if","locations":[{"start":{"line":4,"column":0},"end":{"line":6,"column":1}},{"start":{},"end":{}}],"line":4}},"s":{"0":13,"1":13,"2":13},"f":{},"b":{"0":[13,0]},"_coverageSchema":"1a1c01bbd47fc00a2c39e90264f33305004495a9","hash":"c572203308f24b5e149e91eec4a8f45e20b2f598"}
,"D:\\Uni\\SENG2021\\H14B_CoolCoolCool\\backend\\src\\server.js": {"path":"D:\\Uni\\SENG2021\\H14B_CoolCoolCool\\backend\\src\\server.js","statementMap":{"0":{"start":{"line":11,"column":12},"end":{"line":11,"column":21}},"1":{"start":{"line":12,"column":13},"end":{"line":12,"column":37}},"2":{"start":{"line":15,"column":0},"end":{"line":15,"column":24}},"3":{"start":{"line":16,"column":0},"end":{"line":16,"column":32}},"4":{"start":{"line":17,"column":0},"end":{"line":17,"column":36}},"5":{"start":{"line":18,"column":0},"end":{"line":18,"column":33}},"6":{"start":{"line":19,"column":0},"end":{"line":19,"column":33}},"7":{"start":{"line":20,"column":0},"end":{"line":20,"column":32}},"8":{"start":{"line":21,"column":0},"end":{"line":21,"column":34}},"9":{"start":{"line":23,"column":0},"end":{"line":28,"column":3}},"10":{"start":{"line":24,"column":2},"end":{"line":26,"column":3}},"11":{"start":{"line":25,"column":4},"end":{"line":25,"column":55}},"12":{"start":{"line":27,"column":2},"end":{"line":27,"column":9}},"13":{"start":{"line":30,"column":0},"end":{"line":34,"column":1}},"14":{"start":{"line":31,"column":2},"end":{"line":33,"column":5}},"15":{"start":{"line":32,"column":4},"end":{"line":32,"column":65}}},"fnMap":{"0":{"name":"(anonymous_0)","decl":{"start":{"line":23,"column":8},"end":{"line":23,"column":9}},"loc":{"start":{"line":23,"column":33},"end":{"line":28,"column":1}},"line":23},"1":{"name":"(anonymous_1)","decl":{"start":{"line":31,"column":19},"end":{"line":31,"column":20}},"loc":{"start":{"line":31,"column":25},"end":{"line":33,"column":3}},"line":31}},"branchMap":{"0":{"loc":{"start":{"line":12,"column":13},"end":{"line":12,"column":37}},"type":"binary-expr","locations":[{"start":{"line":12,"column":13},"end":{"line":12,"column":29}},{"start":{"line":12,"column":33},"end":{"line":12,"column":37}}],"line":12},"1":{"loc":{"start":{"line":24,"column":2},"end":{"line":26,"column":3}},"type":"if","locations":[{"start":{"line":24,"column":2},"end":{"line":26,"column":3}},{"start":{},"end":{}}],"line":24},"2":{"loc":{"start":{"line":24,"column":6},"end":{"line":24,"column":71}},"type":"binary-expr","locations":[{"start":{"line":24,"column":6},"end":{"line":24,"column":32}},{"start":{"line":24,"column":36},"end":{"line":24,"column":54}},{"start":{"line":24,"column":58},"end":{"line":24,"column":71}}],"line":24},"3":{"loc":{"start":{"line":30,"column":0},"end":{"line":34,"column":1}},"type":"if","locations":[{"start":{"line":30,"column":0},"end":{"line":34,"column":1}},{"start":{},"end":{}}],"line":30}},"s":{"0":13,"1":13,"2":13,"3":13,"4":13,"5":13,"6":13,"7":13,"8":13,"9":13,"10":5,"11":5,"12":0,"13":13,"14":0,"15":0},"f":{"0":5,"1":0},"b":{"0":[13,13],"1":[5,0],"2":[5,5,5],"3":[0,13]},"_coverageSchema":"1a1c01bbd47fc00a2c39e90264f33305004495a9","hash":"329004b476ac9296b3ccfd677619d9728f213917"}
,"D:\\Uni\\SENG2021\\H14B_CoolCoolCool\\backend\\src\\controllers\\buyerController.js": {"path":"D:\\Uni\\SENG2021\\H14B_CoolCoolCool\\backend\\src\\controllers\\buyerController.js","statementMap":{"0":{"start":{"line":4,"column":75},"end":{"line":4,"column":83}},"1":{"start":{"line":5,"column":2},"end":{"line":7,"column":3}},"2":{"start":{"line":6,"column":4},"end":{"line":6,"column":70}},"3":{"start":{"line":8,"column":2},"end":{"line":14,"column":3}},"4":{"start":{"line":9,"column":19},"end":{"line":9,"column":48}},"5":{"start":{"line":10,"column":4},"end":{"line":10,"column":40}},"6":{"start":{"line":12,"column":4},"end":{"line":12,"column":88}},"7":{"start":{"line":12,"column":38},"end":{"line":12,"column":88}},"8":{"start":{"line":13,"column":4},"end":{"line":13,"column":54}},"9":{"start":{"line":18,"column":30},"end":{"line":18,"column":38}},"10":{"start":{"line":19,"column":2},"end":{"line":19,"column":93}},"11":{"start":{"line":19,"column":27},"end":{"line":19,"column":93}},"12":{"start":{"line":20,"column":2},"end":{"line":26,"column":3}},"13":{"start":{"line":21,"column":19},"end":{"line":21,"column":56}},"14":{"start":{"line":22,"column":4},"end":{"line":22,"column":40}},"15":{"start":{"line":24,"column":4},"end":{"line":24,"column":92}},"16":{"start":{"line":24,"column":42},"end":{"line":24,"column":92}},"17":{"start":{"line":25,"column":4},"end":{"line":25,"column":54}}},"fnMap":{"0":{"name":"register","decl":{"start":{"line":3,"column":22},"end":{"line":3,"column":30}},"loc":{"start":{"line":3,"column":41},"end":{"line":15,"column":1}},"line":3},"1":{"name":"login","decl":{"start":{"line":17,"column":22},"end":{"line":17,"column":27}},"loc":{"start":{"line":17,"column":38},"end":{"line":27,"column":1}},"line":17}},"branchMap":{"0":{"loc":{"start":{"line":5,"column":2},"end":{"line":7,"column":3}},"type":"if","locations":[{"start":{"line":5,"column":2},"end":{"line":7,"column":3}},{"start":{},"end":{}}],"line":5},"1":{"loc":{"start":{"line":5,"column":6},"end":{"line":5,"column":85}},"type":"binary-expr","locations":[{"start":{"line":5,"column":6},"end":{"line":5,"column":11}},{"start":{"line":5,"column":15},"end":{"line":5,"column":21}},{"start":{"line":5,"column":25},"end":{"line":5,"column":34}},{"start":{"line":5,"column":38},"end":{"line":5,"column":45}},{"start":{"line":5,"column":49},"end":{"line":5,"column":54}},{"start":{"line":5,"column":58},"end":{"line":5,"column":69}},{"start":{"line":5,"column":73},"end":{"line":5,"column":85}}],"line":5},"2":{"loc":{"start":{"line":12,"column":4},"end":{"line":12,"column":88}},"type":"if","locations":[{"start":{"line":12,"column":4},"end":{"line":12,"column":88}},{"start":{},"end":{}}],"line":12},"3":{"loc":{"start":{"line":19,"column":2},"end":{"line":19,"column":93}},"type":"if","locations":[{"start":{"line":19,"column":2},"end":{"line":19,"column":93}},{"start":{},"end":{}}],"line":19},"4":{"loc":{"start":{"line":19,"column":6},"end":{"line":19,"column":25}},"type":"binary-expr","locations":[{"start":{"line":19,"column":6},"end":{"line":19,"column":12}},{"start":{"line":19,"column":16},"end":{"line":19,"column":25}}],"line":19},"5":{"loc":{"start":{"line":24,"column":4},"end":{"line":24,"column":92}},"type":"if","locations":[{"start":{"line":24,"column":4},"end":{"line":24,"column":92}},{"start":{},"end":{}}],"line":24}},"s":{"0":4,"1":4,"2":1,"3":3,"4":3,"5":2,"6":1,"7":1,"8":0,"9":4,"10":4,"11":1,"12":3,"13":3,"14":1,"15":2,"16":2,"17":0},"f":{"0":4,"1":4},"b":{"0":[1,3],"1":[4,4,4,3,3,3,3],"2":[1,0],"3":[1,3],"4":[4,4],"5":[2,0]},"_coverageSchema":"1a1c01bbd47fc00a2c39e90264f33305004495a9","hash":"edfd33f6ccf162bf468b4dfec30e68872509403a"}
,"D:\\Uni\\SENG2021\\H14B_CoolCoolCool\\backend\\src\\controllers\\healthController.js": {"path":"D:\\Uni\\SENG2021\\H14B_CoolCoolCool\\backend\\src\\controllers\\healthController.js","statementMap":{"0":{"start":{"line":2,"column":2},"end":{"line":6,"column":5}}},"fnMap":{"0":{"name":"getHealth","decl":{"start":{"line":1,"column":16},"end":{"line":1,"column":25}},"loc":{"start":{"line":1,"column":36},"end":{"line":7,"column":1}},"line":1}},"branchMap":{},"s":{"0":1},"f":{"0":1},"b":{},"_coverageSchema":"1a1c01bbd47fc00a2c39e90264f33305004495a9","hash":"b7f0b2d0faea9a8f62a5df4c7ad39684213d8f4d"}
,"D:\\Uni\\SENG2021\\H14B_CoolCoolCool\\backend\\src\\controllers\\orderController.js": {"path":"D:\\Uni\\SENG2021\\H14B_CoolCoolCool\\backend\\src\\controllers\\orderController.js","statementMap":{"0":{"start":{"line":4,"column":22},"end":{"line":4,"column":26}},"1":{"start":{"line":8,"column":18},"end":{"line":8,"column":34}},"2":{"start":{"line":9,"column":15},"end":{"line":9,"column":28}},"3":{"start":{"line":11,"column":2},"end":{"line":13,"column":3}},"4":{"start":{"line":12,"column":4},"end":{"line":12,"column":77}},"5":{"start":{"line":15,"column":80},"end":{"line":15,"column":88}},"6":{"start":{"line":17,"column":2},"end":{"line":21,"column":3}},"7":{"start":{"line":18,"column":4},"end":{"line":20,"column":7}},"8":{"start":{"line":23,"column":2},"end":{"line":62,"column":3}},"9":{"start":{"line":24,"column":23},"end":{"line":24,"column":43}},"10":{"start":{"line":25,"column":22},"end":{"line":25,"column":63}},"11":{"start":{"line":26,"column":26},"end":{"line":26,"column":71}},"12":{"start":{"line":27,"column":32},"end":{"line":27,"column":58}},"13":{"start":{"line":29,"column":4},"end":{"line":47,"column":5}},"14":{"start":{"line":30,"column":6},"end":{"line":41,"column":9}},"15":{"start":{"line":43,"column":4},"end":{"line":43,"column":25}},"16":{"start":{"line":44,"column":10},"end":{"line":46,"column":9}},"17":{"start":{"line":49,"column":4},"end":{"line":59,"column":7}},"18":{"start":{"line":61,"column":4},"end":{"line":61,"column":58}},"19":{"start":{"line":66,"column":18},"end":{"line":66,"column":31}},"20":{"start":{"line":68,"column":2},"end":{"line":90,"column":3}},"21":{"start":{"line":69,"column":18},"end":{"line":69,"column":45}},"22":{"start":{"line":71,"column":4},"end":{"line":73,"column":5}},"23":{"start":{"line":72,"column":6},"end":{"line":72,"column":64}},"24":{"start":{"line":75,"column":23},"end":{"line":75,"column":50}},"25":{"start":{"line":77,"column":4},"end":{"line":86,"column":7}},"26":{"start":{"line":88,"column":4},"end":{"line":88,"column":25}},"27":{"start":{"line":89,"column":4},"end":{"line":89,"column":58}},"28":{"start":{"line":94,"column":20},"end":{"line":94,"column":33}},"29":{"start":{"line":96,"column":2},"end":{"line":116,"column":3}},"30":{"start":{"line":97,"column":18},"end":{"line":97,"column":45}},"31":{"start":{"line":99,"column":4},"end":{"line":101,"column":5}},"32":{"start":{"line":100,"column":6},"end":{"line":100,"column":64}},"33":{"start":{"line":103,"column":4},"end":{"line":103,"column":35}},"34":{"start":{"line":105,"column":4},"end":{"line":109,"column":7}},"35":{"start":{"line":111,"column":4},"end":{"line":111,"column":25}},"36":{"start":{"line":112,"column":4},"end":{"line":115,"column":7}},"37":{"start":{"line":120,"column":18},"end":{"line":120,"column":31}},"38":{"start":{"line":122,"column":2},"end":{"line":124,"column":3}},"39":{"start":{"line":123,"column":4},"end":{"line":123,"column":72}},"40":{"start":{"line":126,"column":2},"end":{"line":168,"column":3}},"41":{"start":{"line":127,"column":21},"end":{"line":127,"column":48}},"42":{"start":{"line":129,"column":4},"end":{"line":131,"column":5}},"43":{"start":{"line":130,"column":6},"end":{"line":130,"column":64}},"44":{"start":{"line":133,"column":24},"end":{"line":140,"column":5}},"45":{"start":{"line":142,"column":23},"end":{"line":142,"column":46}},"46":{"start":{"line":143,"column":22},"end":{"line":143,"column":66}},"47":{"start":{"line":144,"column":26},"end":{"line":144,"column":74}},"48":{"start":{"line":145,"column":32},"end":{"line":145,"column":61}},"49":{"start":{"line":147,"column":4},"end":{"line":153,"column":7}},"50":{"start":{"line":155,"column":4},"end":{"line":163,"column":7}},"51":{"start":{"line":166,"column":4},"end":{"line":166,"column":25}},"52":{"start":{"line":167,"column":4},"end":{"line":167,"column":58}},"53":{"start":{"line":172,"column":30},"end":{"line":172,"column":39}},"54":{"start":{"line":174,"column":18},"end":{"line":174,"column":20}},"55":{"start":{"line":175,"column":2},"end":{"line":175,"column":41}},"56":{"start":{"line":175,"column":15},"end":{"line":175,"column":41}},"57":{"start":{"line":176,"column":2},"end":{"line":176,"column":38}},"58":{"start":{"line":176,"column":14},"end":{"line":176,"column":38}},"59":{"start":{"line":178,"column":2},"end":{"line":189,"column":3}},"60":{"start":{"line":179,"column":19},"end":{"line":179,"column":46}},"61":{"start":{"line":180,"column":4},"end":{"line":185,"column":9}},"62":{"start":{"line":180,"column":49},"end":{"line":185,"column":5}},"63":{"start":{"line":187,"column":4},"end":{"line":187,"column":25}},"64":{"start":{"line":188,"column":4},"end":{"line":188,"column":58}}},"fnMap":{"0":{"name":"postOrder","decl":{"start":{"line":6,"column":22},"end":{"line":6,"column":31}},"loc":{"start":{"line":6,"column":42},"end":{"line":63,"column":1}},"line":6},"1":{"name":"getOrder","decl":{"start":{"line":65,"column":22},"end":{"line":65,"column":30}},"loc":{"start":{"line":65,"column":41},"end":{"line":91,"column":1}},"line":65},"2":{"name":"deleteOrder","decl":{"start":{"line":93,"column":22},"end":{"line":93,"column":33}},"loc":{"start":{"line":93,"column":44},"end":{"line":117,"column":1}},"line":93},"3":{"name":"putOrder","decl":{"start":{"line":119,"column":22},"end":{"line":119,"column":30}},"loc":{"start":{"line":119,"column":41},"end":{"line":169,"column":1}},"line":119},"4":{"name":"listOrders","decl":{"start":{"line":171,"column":22},"end":{"line":171,"column":32}},"loc":{"start":{"line":171,"column":43},"end":{"line":190,"column":1}},"line":171},"5":{"name":"(anonymous_5)","decl":{"start":{"line":180,"column":43},"end":{"line":180,"column":44}},"loc":{"start":{"line":180,"column":49},"end":{"line":185,"column":5}},"line":180}},"branchMap":{"0":{"loc":{"start":{"line":11,"column":2},"end":{"line":13,"column":3}},"type":"if","locations":[{"start":{"line":11,"column":2},"end":{"line":13,"column":3}},{"start":{},"end":{}}],"line":11},"1":{"loc":{"start":{"line":17,"column":2},"end":{"line":21,"column":3}},"type":"if","locations":[{"start":{"line":17,"column":2},"end":{"line":21,"column":3}},{"start":{},"end":{}}],"line":17},"2":{"loc":{"start":{"line":17,"column":6},"end":{"line":17,"column":72}},"type":"binary-expr","locations":[{"start":{"line":17,"column":6},"end":{"line":17,"column":16}},{"start":{"line":17,"column":20},"end":{"line":17,"column":37}},{"start":{"line":17,"column":41},"end":{"line":17,"column":47}},{"start":{"line":17,"column":51},"end":{"line":17,"column":72}}],"line":17},"3":{"loc":{"start":{"line":71,"column":4},"end":{"line":73,"column":5}},"type":"if","locations":[{"start":{"line":71,"column":4},"end":{"line":73,"column":5}},{"start":{},"end":{}}],"line":71},"4":{"loc":{"start":{"line":99,"column":4},"end":{"line":101,"column":5}},"type":"if","locations":[{"start":{"line":99,"column":4},"end":{"line":101,"column":5}},{"start":{},"end":{}}],"line":99},"5":{"loc":{"start":{"line":122,"column":2},"end":{"line":124,"column":3}},"type":"if","locations":[{"start":{"line":122,"column":2},"end":{"line":124,"column":3}},{"start":{},"end":{}}],"line":122},"6":{"loc":{"start":{"line":122,"column":6},"end":{"line":122,"column":53}},"type":"binary-expr","locations":[{"start":{"line":122,"column":6},"end":{"line":122,"column":15}},{"start":{"line":122,"column":19},"end":{"line":122,"column":53}}],"line":122},"7":{"loc":{"start":{"line":129,"column":4},"end":{"line":131,"column":5}},"type":"if","locations":[{"start":{"line":129,"column":4},"end":{"line":131,"column":5}},{"start":{},"end":{}}],"line":129},"8":{"loc":{"start":{"line":139,"column":13},"end":{"line":139,"column":55}},"type":"binary-expr","locations":[{"start":{"line":139,"column":13},"end":{"line":139,"column":27}},{"start":{"line":139,"column":31},"end":{"line":139,"column":55}}],"line":139},"9":{"loc":{"start":{"line":175,"column":2},"end":{"line":175,"column":41}},"type":"if","locations":[{"start":{"line":175,"column":2},"end":{"line":175,"column":41}},{"start":{},"end":{}}],"line":175},"10":{"loc":{"start":{"line":176,"column":2},"end":{"line":176,"column":38}},"type":"if","locations":[{"start":{"line":176,"column":2},"end":{"line":176,"column":38}},{"start":{},"end":{}}],"line":176}},"s":{"0":13,"1":7,"2":7,"3":7,"4":1,"5":6,"6":6,"7":1,"8":5,"9":5,"10":5,"11":5,"12":5,"13":5,"14":5,"15":1,"16":1,"17":4,"18":0,"19":8,"20":8,"21":8,"22":7,"23":3,"24":4,"25":4,"26":1,"27":1,"28":6,"29":6,"30":6,"31":5,"32":2,"33":3,"34":3,"35":1,"36":1,"37":5,"38":5,"39":1,"40":4,"41":4,"42":3,"43":1,"44":2,"45":2,"46":2,"47":2,"48":2,"49":2,"50":2,"51":1,"52":1,"53":6,"54":6,"55":6,"56":2,"57":6,"58":2,"59":6,"60":6,"61":5,"62":5,"63":1,"64":1},"f":{"0":7,"1":8,"2":6,"3":5,"4":6,"5":5},"b":{"0":[1,6],"1":[1,5],"2":[6,5,5,5],"3":[3,4],"4":[2,3],"5":[1,4],"6":[5,5],"7":[1,2],"8":[2,1],"9":[2,4],"10":[2,4]},"_coverageSchema":"1a1c01bbd47fc00a2c39e90264f33305004495a9","hash":"a2046ece217ad0b861c9e96670c699da1f75ee7e"}
,"D:\\Uni\\SENG2021\\H14B_CoolCoolCool\\backend\\src\\controllers\\productController.js": {"path":"D:\\Uni\\SENG2021\\H14B_CoolCoolCool\\backend\\src\\controllers\\productController.js","statementMap":{"0":{"start":{"line":5,"column":29},"end":{"line":5,"column":37}},"1":{"start":{"line":7,"column":2},"end":{"line":9,"column":3}},"2":{"start":{"line":8,"column":4},"end":{"line":8,"column":88}},"3":{"start":{"line":11,"column":122},"end":{"line":11,"column":130}},"4":{"start":{"line":13,"column":2},"end":{"line":17,"column":3}},"5":{"start":{"line":14,"column":4},"end":{"line":16,"column":7}},"6":{"start":{"line":18,"column":2},"end":{"line":48,"column":3}},"7":{"start":{"line":19,"column":4},"end":{"line":39,"column":5}},"8":{"start":{"line":20,"column":6},"end":{"line":33,"column":9}},"9":{"start":{"line":35,"column":6},"end":{"line":37,"column":7}},"10":{"start":{"line":36,"column":8},"end":{"line":36,"column":89}},"11":{"start":{"line":38,"column":6},"end":{"line":38,"column":60}},"12":{"start":{"line":41,"column":4},"end":{"line":45,"column":7}},"13":{"start":{"line":47,"column":4},"end":{"line":47,"column":58}},"14":{"start":{"line":52,"column":45},"end":{"line":52,"column":54}},"15":{"start":{"line":54,"column":2},"end":{"line":74,"column":3}},"16":{"start":{"line":55,"column":22},"end":{"line":55,"column":31}},"17":{"start":{"line":56,"column":4},"end":{"line":56,"column":49}},"18":{"start":{"line":56,"column":30},"end":{"line":56,"column":49}},"19":{"start":{"line":57,"column":4},"end":{"line":57,"column":51}},"20":{"start":{"line":57,"column":31},"end":{"line":57,"column":51}},"21":{"start":{"line":59,"column":26},"end":{"line":64,"column":5}},"22":{"start":{"line":66,"column":4},"end":{"line":66,"column":47}},"23":{"start":{"line":69,"column":4},"end":{"line":69,"column":41}},"24":{"start":{"line":70,"column":4},"end":{"line":73,"column":7}},"25":{"start":{"line":78,"column":20},"end":{"line":78,"column":33}},"26":{"start":{"line":80,"column":2},"end":{"line":92,"column":3}},"27":{"start":{"line":81,"column":18},"end":{"line":81,"column":49}},"28":{"start":{"line":83,"column":4},"end":{"line":85,"column":5}},"29":{"start":{"line":84,"column":6},"end":{"line":84,"column":66}},"30":{"start":{"line":87,"column":4},"end":{"line":87,"column":39}},"31":{"start":{"line":90,"column":4},"end":{"line":90,"column":25}},"32":{"start":{"line":91,"column":4},"end":{"line":91,"column":58}},"33":{"start":{"line":96,"column":20},"end":{"line":96,"column":33}},"34":{"start":{"line":98,"column":2},"end":{"line":122,"column":3}},"35":{"start":{"line":99,"column":21},"end":{"line":99,"column":52}},"36":{"start":{"line":101,"column":4},"end":{"line":103,"column":5}},"37":{"start":{"line":102,"column":6},"end":{"line":102,"column":66}},"38":{"start":{"line":105,"column":24},"end":{"line":111,"column":5}},"39":{"start":{"line":113,"column":4},"end":{"line":115,"column":7}},"40":{"start":{"line":117,"column":4},"end":{"line":117,"column":65}},"41":{"start":{"line":120,"column":4},"end":{"line":120,"column":25}},"42":{"start":{"line":121,"column":4},"end":{"line":121,"column":58}},"43":{"start":{"line":126,"column":22},"end":{"line":126,"column":35}},"44":{"start":{"line":128,"column":2},"end":{"line":148,"column":3}},"45":{"start":{"line":129,"column":18},"end":{"line":129,"column":49}},"46":{"start":{"line":131,"column":4},"end":{"line":133,"column":5}},"47":{"start":{"line":132,"column":6},"end":{"line":132,"column":64}},"48":{"start":{"line":135,"column":4},"end":{"line":135,"column":39}},"49":{"start":{"line":137,"column":4},"end":{"line":141,"column":7}},"50":{"start":{"line":143,"column":4},"end":{"line":143,"column":25}},"51":{"start":{"line":144,"column":4},"end":{"line":147,"column":7}},"52":{"start":{"line":152,"column":20},"end":{"line":152,"column":33}},"53":{"start":{"line":154,"column":2},"end":{"line":171,"column":3}},"54":{"start":{"line":155,"column":27},"end":{"line":155,"column":58}},"55":{"start":{"line":157,"column":4},"end":{"line":159,"column":5}},"56":{"start":{"line":158,"column":6},"end":{"line":158,"column":66}},"57":{"start":{"line":160,"column":19},"end":{"line":160,"column":40}},"58":{"start":{"line":162,"column":26},"end":{"line":162,"column":59}},"59":{"start":{"line":163,"column":4},"end":{"line":163,"column":47}},"60":{"start":{"line":166,"column":4},"end":{"line":166,"column":41}},"61":{"start":{"line":167,"column":4},"end":{"line":170,"column":7}}},"fnMap":{"0":{"name":"postProduct","decl":{"start":{"line":3,"column":22},"end":{"line":3,"column":33}},"loc":{"start":{"line":3,"column":44},"end":{"line":49,"column":1}},"line":3},"1":{"name":"getProducts","decl":{"start":{"line":51,"column":22},"end":{"line":51,"column":33}},"loc":{"start":{"line":51,"column":44},"end":{"line":75,"column":1}},"line":51},"2":{"name":"getProductId","decl":{"start":{"line":77,"column":22},"end":{"line":77,"column":34}},"loc":{"start":{"line":77,"column":45},"end":{"line":93,"column":1}},"line":77},"3":{"name":"putProduct","decl":{"start":{"line":95,"column":22},"end":{"line":95,"column":32}},"loc":{"start":{"line":95,"column":43},"end":{"line":123,"column":1}},"line":95},"4":{"name":"deleteProduct","decl":{"start":{"line":125,"column":22},"end":{"line":125,"column":35}},"loc":{"start":{"line":125,"column":46},"end":{"line":149,"column":1}},"line":125},"5":{"name":"getProductFamily","decl":{"start":{"line":151,"column":22},"end":{"line":151,"column":38}},"loc":{"start":{"line":151,"column":49},"end":{"line":172,"column":1}},"line":151}},"branchMap":{"0":{"loc":{"start":{"line":7,"column":2},"end":{"line":9,"column":3}},"type":"if","locations":[{"start":{"line":7,"column":2},"end":{"line":9,"column":3}},{"start":{},"end":{}}],"line":7},"1":{"loc":{"start":{"line":13,"column":2},"end":{"line":17,"column":3}},"type":"if","locations":[{"start":{"line":13,"column":2},"end":{"line":17,"column":3}},{"start":{},"end":{}}],"line":13},"2":{"loc":{"start":{"line":13,"column":6},"end":{"line":13,"column":153}},"type":"binary-expr","locations":[{"start":{"line":13,"column":6},"end":{"line":13,"column":16}},{"start":{"line":13,"column":20},"end":{"line":13,"column":25}},{"start":{"line":13,"column":29},"end":{"line":13,"column":47}},{"start":{"line":13,"column":51},"end":{"line":13,"column":63}},{"start":{"line":13,"column":67},"end":{"line":13,"column":73}},{"start":{"line":13,"column":77},"end":{"line":13,"column":84}},{"start":{"line":13,"column":88},"end":{"line":13,"column":100}},{"start":{"line":13,"column":104},"end":{"line":13,"column":127}},{"start":{"line":13,"column":131},"end":{"line":13,"column":153}}],"line":13},"3":{"loc":{"start":{"line":35,"column":6},"end":{"line":37,"column":7}},"type":"if","locations":[{"start":{"line":35,"column":6},"end":{"line":37,"column":7}},{"start":{},"end":{}}],"line":35},"4":{"loc":{"start":{"line":56,"column":4},"end":{"line":56,"column":49}},"type":"if","locations":[{"start":{"line":56,"column":4},"end":{"line":56,"column":49}},{"start":{},"end":{}}],"line":56},"5":{"loc":{"start":{"line":57,"column":4},"end":{"line":57,"column":51}},"type":"if","locations":[{"start":{"line":57,"column":4},"end":{"line":57,"column":51}},{"start":{},"end":{}}],"line":57},"6":{"loc":{"start":{"line":83,"column":4},"end":{"line":85,"column":5}},"type":"if","locations":[{"start":{"line":83,"column":4},"end":{"line":85,"column":5}},{"start":{},"end":{}}],"line":83},"7":{"loc":{"start":{"line":101,"column":4},"end":{"line":103,"column":5}},"type":"if","locations":[{"start":{"line":101,"column":4},"end":{"line":103,"column":5}},{"start":{},"end":{}}],"line":101},"8":{"loc":{"start":{"line":106,"column":12},"end":{"line":106,"column":42}},"type":"binary-expr","locations":[{"start":{"line":106,"column":12},"end":{"line":106,"column":25}},{"start":{"line":106,"column":29},"end":{"line":106,"column":42}}],"line":106},"9":{"loc":{"start":{"line":107,"column":19},"end":{"line":107,"column":63}},"type":"binary-expr","locations":[{"start":{"line":107,"column":19},"end":{"line":107,"column":39}},{"start":{"line":107,"column":43},"end":{"line":107,"column":63}}],"line":107},"10":{"loc":{"start":{"line":108,"column":12},"end":{"line":108,"column":42}},"type":"binary-expr","locations":[{"start":{"line":108,"column":12},"end":{"line":108,"column":25}},{"start":{"line":108,"column":29},"end":{"line":108,"column":42}}],"line":108},"11":{"loc":{"start":{"line":109,"column":16},"end":{"line":109,"column":54}},"type":"binary-expr","locations":[{"start":{"line":109,"column":16},"end":{"line":109,"column":33}},{"start":{"line":109,"column":37},"end":{"line":109,"column":54}}],"line":109},"12":{"loc":{"start":{"line":110,"column":17},"end":{"line":110,"column":57}},"type":"binary-expr","locations":[{"start":{"line":110,"column":17},"end":{"line":110,"column":35}},{"start":{"line":110,"column":39},"end":{"line":110,"column":57}}],"line":110},"13":{"loc":{"start":{"line":131,"column":4},"end":{"line":133,"column":5}},"type":"if","locations":[{"start":{"line":131,"column":4},"end":{"line":133,"column":5}},{"start":{},"end":{}}],"line":131},"14":{"loc":{"start":{"line":157,"column":4},"end":{"line":159,"column":5}},"type":"if","locations":[{"start":{"line":157,"column":4},"end":{"line":159,"column":5}},{"start":{},"end":{}}],"line":157}},"s":{"0":7,"1":7,"2":1,"3":6,"4":6,"5":1,"6":5,"7":5,"8":5,"9":1,"10":1,"11":0,"12":4,"13":0,"14":5,"15":5,"16":5,"17":5,"18":0,"19":5,"20":3,"21":5,"22":5,"23":0,"24":0,"25":4,"26":4,"27":4,"28":4,"29":2,"30":2,"31":0,"32":0,"33":3,"34":3,"35":3,"36":3,"37":1,"38":2,"39":2,"40":1,"41":1,"42":1,"43":1,"44":1,"45":1,"46":1,"47":0,"48":1,"49":1,"50":0,"51":0,"52":3,"53":3,"54":3,"55":3,"56":1,"57":2,"58":2,"59":2,"60":0,"61":0},"f":{"0":7,"1":5,"2":4,"3":3,"4":1,"5":3},"b":{"0":[1,6],"1":[1,5],"2":[6,5,5,5,5,5,5,5,5],"3":[1,0],"4":[0,5],"5":[3,2],"6":[2,2],"7":[1,2],"8":[2,0],"9":[2,1],"10":[2,1],"11":[2,1],"12":[2,1],"13":[0,1],"14":[1,2]},"_coverageSchema":"1a1c01bbd47fc00a2c39e90264f33305004495a9","hash":"62958a81d97227109d5e07b3af7fbac38df089a2"}
,"D:\\Uni\\SENG2021\\H14B_CoolCoolCool\\backend\\src\\controllers\\sellerController.js": {"path":"D:\\Uni\\SENG2021\\H14B_CoolCoolCool\\backend\\src\\controllers\\sellerController.js","statementMap":{"0":{"start":{"line":4,"column":155},"end":{"line":4,"column":163}},"1":{"start":{"line":5,"column":2},"end":{"line":7,"column":3}},"2":{"start":{"line":6,"column":4},"end":{"line":6,"column":70}},"3":{"start":{"line":8,"column":2},"end":{"line":14,"column":3}},"4":{"start":{"line":9,"column":19},"end":{"line":9,"column":49}},"5":{"start":{"line":10,"column":4},"end":{"line":10,"column":40}},"6":{"start":{"line":12,"column":4},"end":{"line":12,"column":88}},"7":{"start":{"line":12,"column":38},"end":{"line":12,"column":88}},"8":{"start":{"line":13,"column":4},"end":{"line":13,"column":54}},"9":{"start":{"line":18,"column":30},"end":{"line":18,"column":38}},"10":{"start":{"line":19,"column":2},"end":{"line":19,"column":93}},"11":{"start":{"line":19,"column":27},"end":{"line":19,"column":93}},"12":{"start":{"line":20,"column":2},"end":{"line":26,"column":3}},"13":{"start":{"line":21,"column":19},"end":{"line":21,"column":57}},"14":{"start":{"line":22,"column":4},"end":{"line":22,"column":40}},"15":{"start":{"line":24,"column":4},"end":{"line":24,"column":92}},"16":{"start":{"line":24,"column":42},"end":{"line":24,"column":92}},"17":{"start":{"line":25,"column":4},"end":{"line":25,"column":54}}},"fnMap":{"0":{"name":"register","decl":{"start":{"line":3,"column":22},"end":{"line":3,"column":30}},"loc":{"start":{"line":3,"column":41},"end":{"line":15,"column":1}},"line":3},"1":{"name":"login","decl":{"start":{"line":17,"column":22},"end":{"line":17,"column":27}},"loc":{"start":{"line":17,"column":38},"end":{"line":27,"column":1}},"line":17}},"branchMap":{"0":{"loc":{"start":{"line":5,"column":2},"end":{"line":7,"column":3}},"type":"if","locations":[{"start":{"line":5,"column":2},"end":{"line":7,"column":3}},{"start":{},"end":{}}],"line":5},"1":{"loc":{"start":{"line":5,"column":6},"end":{"line":5,"column":183}},"type":"binary-expr","locations":[{"start":{"line":5,"column":6},"end":{"line":5,"column":11}},{"start":{"line":5,"column":15},"end":{"line":5,"column":21}},{"start":{"line":5,"column":25},"end":{"line":5,"column":34}},{"start":{"line":5,"column":38},"end":{"line":5,"column":45}},{"start":{"line":5,"column":49},"end":{"line":5,"column":54}},{"start":{"line":5,"column":58},"end":{"line":5,"column":69}},{"start":{"line":5,"column":73},"end":{"line":5,"column":85}},{"start":{"line":5,"column":89},"end":{"line":5,"column":99}},{"start":{"line":5,"column":103},"end":{"line":5,"column":117}},{"start":{"line":5,"column":121},"end":{"line":5,"column":133}},{"start":{"line":5,"column":137},"end":{"line":5,"column":149}},{"start":{"line":5,"column":153},"end":{"line":5,"column":166}},{"start":{"line":5,"column":170},"end":{"line":5,"column":183}}],"line":5},"2":{"loc":{"start":{"line":12,"column":4},"end":{"line":12,"column":88}},"type":"if","locations":[{"start":{"line":12,"column":4},"end":{"line":12,"column":88}},{"start":{},"end":{}}],"line":12},"3":{"loc":{"start":{"line":19,"column":2},"end":{"line":19,"column":93}},"type":"if","locations":[{"start":{"line":19,"column":2},"end":{"line":19,"column":93}},{"start":{},"end":{}}],"line":19},"4":{"loc":{"start":{"line":19,"column":6},"end":{"line":19,"column":25}},"type":"binary-expr","locations":[{"start":{"line":19,"column":6},"end":{"line":19,"column":12}},{"start":{"line":19,"column":16},"end":{"line":19,"column":25}}],"line":19},"5":{"loc":{"start":{"line":24,"column":4},"end":{"line":24,"column":92}},"type":"if","locations":[{"start":{"line":24,"column":4},"end":{"line":24,"column":92}},{"start":{},"end":{}}],"line":24}},"s":{"0":4,"1":4,"2":2,"3":2,"4":2,"5":1,"6":1,"7":1,"8":0,"9":4,"10":4,"11":1,"12":3,"13":3,"14":1,"15":2,"16":2,"17":0},"f":{"0":4,"1":4},"b":{"0":[2,2],"1":[4,4,4,3,3,3,3,3,3,3,3,3,3],"2":[1,0],"3":[1,3],"4":[4,4],"5":[2,0]},"_coverageSchema":"1a1c01bbd47fc00a2c39e90264f33305004495a9","hash":"8a2dad845f8a1575afb412880c338bb8b326c7c6"}
,"D:\\Uni\\SENG2021\\H14B_CoolCoolCool\\backend\\src\\middleware\\auth.js": {"path":"D:\\Uni\\SENG2021\\H14B_CoolCoolCool\\backend\\src\\middleware\\auth.js","statementMap":{"0":{"start":{"line":4,"column":21},"end":{"line":4,"column":49}},"1":{"start":{"line":5,"column":2},"end":{"line":5,"column":74}},"2":{"start":{"line":5,"column":19},"end":{"line":5,"column":74}},"3":{"start":{"line":7,"column":16},"end":{"line":7,"column":83}},"4":{"start":{"line":9,"column":2},"end":{"line":15,"column":3}},"5":{"start":{"line":10,"column":20},"end":{"line":10,"column":61}},"6":{"start":{"line":11,"column":4},"end":{"line":11,"column":23}},"7":{"start":{"line":12,"column":4},"end":{"line":12,"column":11}},"8":{"start":{"line":14,"column":4},"end":{"line":14,"column":60}}},"fnMap":{"0":{"name":"authMiddleware","decl":{"start":{"line":3,"column":16},"end":{"line":3,"column":30}},"loc":{"start":{"line":3,"column":47},"end":{"line":16,"column":1}},"line":3}},"branchMap":{"0":{"loc":{"start":{"line":5,"column":2},"end":{"line":5,"column":74}},"type":"if","locations":[{"start":{"line":5,"column":2},"end":{"line":5,"column":74}},{"start":{},"end":{}}],"line":5},"1":{"loc":{"start":{"line":7,"column":16},"end":{"line":7,"column":83}},"type":"cond-expr","locations":[{"start":{"line":7,"column":51},"end":{"line":7,"column":70}},{"start":{"line":7,"column":73},"end":{"line":7,"column":83}}],"line":7}},"s":{"0":73,"1":73,"2":8,"3":65,"4":65,"5":65,"6":55,"7":55,"8":10},"f":{"0":73},"b":{"0":[8,65],"1":[0,65]},"_coverageSchema":"1a1c01bbd47fc00a2c39e90264f33305004495a9","hash":"0e77b4c5a2636388f7e72b97a7fa00f421246809"}
,"D:\\Uni\\SENG2021\\H14B_CoolCoolCool\\backend\\src\\routes\\buyers.js": {"path":"D:\\Uni\\SENG2021\\H14B_CoolCoolCool\\backend\\src\\routes\\buyers.js","statementMap":{"0":{"start":{"line":4,"column":15},"end":{"line":4,"column":31}},"1":{"start":{"line":35,"column":0},"end":{"line":35,"column":35}},"2":{"start":{"line":58,"column":0},"end":{"line":58,"column":29}}},"fnMap":{},"branchMap":{},"s":{"0":13,"1":13,"2":13},"f":{},"b":{},"_coverageSchema":"1a1c01bbd47fc00a2c39e90264f33305004495a9","hash":"efc1c42c0ae1a6138efcf0244f4c34f7c5ca8849"}
,"D:\\Uni\\SENG2021\\H14B_CoolCoolCool\\backend\\src\\routes\\docs.js": {"path":"D:\\Uni\\SENG2021\\H14B_CoolCoolCool\\backend\\src\\routes\\docs.js","statementMap":{"0":{"start":{"line":6,"column":19},"end":{"line":6,"column":49}},"1":{"start":{"line":7,"column":18},"end":{"line":7,"column":42}},"2":{"start":{"line":9,"column":15},"end":{"line":9,"column":31}},"3":{"start":{"line":11,"column":26},"end":{"line":26,"column":1}},"4":{"start":{"line":28,"column":16},"end":{"line":31,"column":1}},"5":{"start":{"line":33,"column":20},"end":{"line":33,"column":41}},"6":{"start":{"line":35,"column":0},"end":{"line":59,"column":3}},"7":{"start":{"line":36,"column":2},"end":{"line":58,"column":5}},"8":{"start":{"line":61,"column":0},"end":{"line":63,"column":3}},"9":{"start":{"line":62,"column":2},"end":{"line":62,"column":24}}},"fnMap":{"0":{"name":"(anonymous_0)","decl":{"start":{"line":35,"column":16},"end":{"line":35,"column":17}},"loc":{"start":{"line":35,"column":30},"end":{"line":59,"column":1}},"line":35},"1":{"name":"(anonymous_1)","decl":{"start":{"line":61,"column":20},"end":{"line":61,"column":21}},"loc":{"start":{"line":61,"column":34},"end":{"line":63,"column":1}},"line":61}},"branchMap":{},"s":{"0":13,"1":13,"2":13,"3":13,"4":13,"5":13,"6":13,"7":0,"8":13,"9":0},"f":{"0":0,"1":0},"b":{},"_coverageSchema":"1a1c01bbd47fc00a2c39e90264f33305004495a9","hash":"9c0444d3b8cc378eb9037b8a3edaac853df6d2f6"}
,"D:\\Uni\\SENG2021\\H14B_CoolCoolCool\\backend\\src\\routes\\health.js": {"path":"D:\\Uni\\SENG2021\\H14B_CoolCoolCool\\backend\\src\\routes\\health.js","statementMap":{"0":{"start":{"line":4,"column":15},"end":{"line":4,"column":31}},"1":{"start":{"line":32,"column":0},"end":{"line":32,"column":27}}},"fnMap":{},"branchMap":{},"s":{"0":13,"1":13},"f":{},"b":{},"_coverageSchema":"1a1c01bbd47fc00a2c39e90264f33305004495a9","hash":"3f5c9747218722143a2d2801f7711dbd9f57a12f"}
,"D:\\Uni\\SENG2021\\H14B_CoolCoolCool\\backend\\src\\routes\\orders.js": {"path":"D:\\Uni\\SENG2021\\H14B_CoolCoolCool\\backend\\src\\routes\\orders.js","statementMap":{"0":{"start":{"line":5,"column":15},"end":{"line":5,"column":31}},"1":{"start":{"line":113,"column":0},"end":{"line":117,"column":3}},"2":{"start":{"line":114,"column":2},"end":{"line":114,"column":33}},"3":{"start":{"line":116,"column":2},"end":{"line":116,"column":22}},"4":{"start":{"line":155,"column":0},"end":{"line":159,"column":3}},"5":{"start":{"line":156,"column":2},"end":{"line":156,"column":33}},"6":{"start":{"line":158,"column":2},"end":{"line":158,"column":21}},"7":{"start":{"line":197,"column":0},"end":{"line":201,"column":3}},"8":{"start":{"line":198,"column":2},"end":{"line":198,"column":33}},"9":{"start":{"line":200,"column":2},"end":{"line":200,"column":24}},"10":{"start":{"line":241,"column":0},"end":{"line":245,"column":3}},"11":{"start":{"line":242,"column":2},"end":{"line":242,"column":33}},"12":{"start":{"line":244,"column":2},"end":{"line":244,"column":23}},"13":{"start":{"line":357,"column":0},"end":{"line":361,"column":3}},"14":{"start":{"line":358,"column":2},"end":{"line":358,"column":33}},"15":{"start":{"line":360,"column":2},"end":{"line":360,"column":21}}},"fnMap":{"0":{"name":"(anonymous_0)","decl":{"start":{"line":113,"column":17},"end":{"line":113,"column":18}},"loc":{"start":{"line":113,"column":37},"end":{"line":115,"column":1}},"line":113},"1":{"name":"(anonymous_1)","decl":{"start":{"line":115,"column":3},"end":{"line":115,"column":4}},"loc":{"start":{"line":115,"column":17},"end":{"line":117,"column":1}},"line":115},"2":{"name":"(anonymous_2)","decl":{"start":{"line":155,"column":19},"end":{"line":155,"column":20}},"loc":{"start":{"line":155,"column":39},"end":{"line":157,"column":1}},"line":155},"3":{"name":"(anonymous_3)","decl":{"start":{"line":157,"column":3},"end":{"line":157,"column":4}},"loc":{"start":{"line":157,"column":17},"end":{"line":159,"column":1}},"line":157},"4":{"name":"(anonymous_4)","decl":{"start":{"line":197,"column":22},"end":{"line":197,"column":23}},"loc":{"start":{"line":197,"column":42},"end":{"line":199,"column":1}},"line":197},"5":{"name":"(anonymous_5)","decl":{"start":{"line":199,"column":3},"end":{"line":199,"column":4}},"loc":{"start":{"line":199,"column":17},"end":{"line":201,"column":1}},"line":199},"6":{"name":"(anonymous_6)","decl":{"start":{"line":241,"column":16},"end":{"line":241,"column":17}},"loc":{"start":{"line":241,"column":36},"end":{"line":243,"column":1}},"line":241},"7":{"name":"(anonymous_7)","decl":{"start":{"line":243,"column":3},"end":{"line":243,"column":4}},"loc":{"start":{"line":243,"column":17},"end":{"line":245,"column":1}},"line":243},"8":{"name":"(anonymous_8)","decl":{"start":{"line":357,"column":19},"end":{"line":357,"column":20}},"loc":{"start":{"line":357,"column":39},"end":{"line":359,"column":1}},"line":357},"9":{"name":"(anonymous_9)","decl":{"start":{"line":359,"column":3},"end":{"line":359,"column":4}},"loc":{"start":{"line":359,"column":17},"end":{"line":361,"column":1}},"line":359}},"branchMap":{},"s":{"0":13,"1":13,"2":8,"3":7,"4":13,"5":10,"6":8,"7":13,"8":8,"9":6,"10":13,"11":8,"12":6,"13":13,"14":7,"15":5},"f":{"0":8,"1":7,"2":10,"3":8,"4":8,"5":6,"6":8,"7":6,"8":7,"9":5},"b":{},"_coverageSchema":"1a1c01bbd47fc00a2c39e90264f33305004495a9","hash":"6ab827b7d3038006fb6b78e25f3128748249feeb"}
,"D:\\Uni\\SENG2021\\H14B_CoolCoolCool\\backend\\src\\routes\\products.js": {"path":"D:\\Uni\\SENG2021\\H14B_CoolCoolCool\\backend\\src\\routes\\products.js","statementMap":{"0":{"start":{"line":5,"column":15},"end":{"line":5,"column":31}},"1":{"start":{"line":7,"column":0},"end":{"line":11,"column":3}},"2":{"start":{"line":8,"column":2},"end":{"line":8,"column":33}},"3":{"start":{"line":10,"column":2},"end":{"line":10,"column":24}},"4":{"start":{"line":13,"column":0},"end":{"line":17,"column":3}},"5":{"start":{"line":14,"column":2},"end":{"line":14,"column":33}},"6":{"start":{"line":16,"column":2},"end":{"line":16,"column":24}},"7":{"start":{"line":19,"column":0},"end":{"line":23,"column":3}},"8":{"start":{"line":20,"column":2},"end":{"line":20,"column":33}},"9":{"start":{"line":22,"column":2},"end":{"line":22,"column":25}},"10":{"start":{"line":25,"column":0},"end":{"line":29,"column":3}},"11":{"start":{"line":26,"column":2},"end":{"line":26,"column":33}},"12":{"start":{"line":28,"column":2},"end":{"line":28,"column":23}},"13":{"start":{"line":31,"column":0},"end":{"line":35,"column":3}},"14":{"start":{"line":32,"column":2},"end":{"line":32,"column":33}},"15":{"start":{"line":34,"column":2},"end":{"line":34,"column":26}},"16":{"start":{"line":37,"column":0},"end":{"line":41,"column":3}},"17":{"start":{"line":38,"column":2},"end":{"line":38,"column":33}},"18":{"start":{"line":40,"column":2},"end":{"line":40,"column":29}}},"fnMap":{"0":{"name":"(anonymous_0)","decl":{"start":{"line":7,"column":17},"end":{"line":7,"column":18}},"loc":{"start":{"line":7,"column":37},"end":{"line":9,"column":1}},"line":7},"1":{"name":"(anonymous_1)","decl":{"start":{"line":9,"column":3},"end":{"line":9,"column":4}},"loc":{"start":{"line":9,"column":17},"end":{"line":11,"column":1}},"line":9},"2":{"name":"(anonymous_2)","decl":{"start":{"line":13,"column":16},"end":{"line":13,"column":17}},"loc":{"start":{"line":13,"column":36},"end":{"line":15,"column":1}},"line":13},"3":{"name":"(anonymous_3)","decl":{"start":{"line":15,"column":3},"end":{"line":15,"column":4}},"loc":{"start":{"line":15,"column":17},"end":{"line":17,"column":1}},"line":15},"4":{"name":"(anonymous_4)","decl":{"start":{"line":19,"column":19},"end":{"line":19,"column":20}},"loc":{"start":{"line":19,"column":39},"end":{"line":21,"column":1}},"line":19},"5":{"name":"(anonymous_5)","decl":{"start":{"line":21,"column":3},"end":{"line":21,"column":4}},"loc":{"start":{"line":21,"column":17},"end":{"line":23,"column":1}},"line":21},"6":{"name":"(anonymous_6)","decl":{"start":{"line":25,"column":19},"end":{"line":25,"column":20}},"loc":{"start":{"line":25,"column":39},"end":{"line":27,"column":1}},"line":25},"7":{"name":"(anonymous_7)","decl":{"start":{"line":27,"column":3},"end":{"line":27,"column":4}},"loc":{"start":{"line":27,"column":17},"end":{"line":29,"column":1}},"line":27},"8":{"name":"(anonymous_8)","decl":{"start":{"line":31,"column":22},"end":{"line":31,"column":23}},"loc":{"start":{"line":31,"column":42},"end":{"line":33,"column":1}},"line":31},"9":{"name":"(anonymous_9)","decl":{"start":{"line":33,"column":3},"end":{"line":33,"column":4}},"loc":{"start":{"line":33,"column":17},"end":{"line":35,"column":1}},"line":33},"10":{"name":"(anonymous_10)","decl":{"start":{"line":37,"column":26},"end":{"line":37,"column":27}},"loc":{"start":{"line":37,"column":46},"end":{"line":39,"column":1}},"line":37},"11":{"name":"(anonymous_11)","decl":{"start":{"line":39,"column":3},"end":{"line":39,"column":4}},"loc":{"start":{"line":39,"column":17},"end":{"line":41,"column":1}},"line":39}},"branchMap":{},"s":{"0":13,"1":13,"2":8,"3":7,"4":13,"5":7,"6":5,"7":13,"8":8,"9":4,"10":13,"11":3,"12":3,"13":13,"14":1,"15":1,"16":13,"17":5,"18":3},"f":{"0":8,"1":7,"2":7,"3":5,"4":8,"5":4,"6":3,"7":3,"8":1,"9":1,"10":5,"11":3},"b":{},"_coverageSchema":"1a1c01bbd47fc00a2c39e90264f33305004495a9","hash":"08576f0adab4c2e3b23aca8123da29701bde93b1"}
,"D:\\Uni\\SENG2021\\H14B_CoolCoolCool\\backend\\src\\routes\\sellers.js": {"path":"D:\\Uni\\SENG2021\\H14B_CoolCoolCool\\backend\\src\\routes\\sellers.js","statementMap":{"0":{"start":{"line":4,"column":15},"end":{"line":4,"column":31}},"1":{"start":{"line":38,"column":0},"end":{"line":38,"column":35}},"2":{"start":{"line":61,"column":0},"end":{"line":61,"column":29}}},"fnMap":{},"branchMap":{},"s":{"0":13,"1":13,"2":13},"f":{},"b":{},"_coverageSchema":"1a1c01bbd47fc00a2c39e90264f33305004495a9","hash":"d68ba2c9013cce55767f7980474cbdf9881c438d"}
,"D:\\Uni\\SENG2021\\H14B_CoolCoolCool\\backend\\src\\services\\orderService.js": {"path":"D:\\Uni\\SENG2021\\H14B_CoolCoolCool\\backend\\src\\services\\orderService.js","statementMap":{"0":{"start":{"line":4,"column":2},"end":{"line":4,"column":45}},"1":{"start":{"line":8,"column":2},"end":{"line":8,"column":63}},"2":{"start":{"line":12,"column":2},"end":{"line":12,"column":59}},"3":{"start":{"line":16,"column":2},"end":{"line":16,"column":65}},"4":{"start":{"line":20,"column":2},"end":{"line":20,"column":57}}},"fnMap":{"0":{"name":"createOrder","decl":{"start":{"line":3,"column":22},"end":{"line":3,"column":33}},"loc":{"start":{"line":3,"column":40},"end":{"line":5,"column":1}},"line":3},"1":{"name":"getOrderById","decl":{"start":{"line":7,"column":22},"end":{"line":7,"column":34}},"loc":{"start":{"line":7,"column":44},"end":{"line":9,"column":1}},"line":7},"2":{"name":"deleteOrderById","decl":{"start":{"line":11,"column":22},"end":{"line":11,"column":37}},"loc":{"start":{"line":11,"column":47},"end":{"line":13,"column":1}},"line":11},"3":{"name":"updateOrder","decl":{"start":{"line":15,"column":22},"end":{"line":15,"column":33}},"loc":{"start":{"line":15,"column":49},"end":{"line":17,"column":1}},"line":15},"4":{"name":"getAllOrders","decl":{"start":{"line":19,"column":22},"end":{"line":19,"column":34}},"loc":{"start":{"line":19,"column":44},"end":{"line":21,"column":1}},"line":19}},"branchMap":{},"s":{"0":5,"1":18,"2":3,"3":2,"4":6},"f":{"0":5,"1":18,"2":3,"3":2,"4":6},"b":{},"_coverageSchema":"1a1c01bbd47fc00a2c39e90264f33305004495a9","hash":"080572599376f27738dd07691fb0adb942707a18"}
,"D:\\Uni\\SENG2021\\H14B_CoolCoolCool\\backend\\src\\services\\productService.js": {"path":"D:\\Uni\\SENG2021\\H14B_CoolCoolCool\\backend\\src\\services\\productService.js","statementMap":{"0":{"start":{"line":4,"column":2},"end":{"line":4,"column":47}},"1":{"start":{"line":8,"column":2},"end":{"line":20,"column":5}},"2":{"start":{"line":24,"column":2},"end":{"line":24,"column":67}},"3":{"start":{"line":28,"column":2},"end":{"line":28,"column":63}},"4":{"start":{"line":32,"column":2},"end":{"line":32,"column":69}},"5":{"start":{"line":36,"column":2},"end":{"line":36,"column":59}},"6":{"start":{"line":40,"column":2},"end":{"line":47,"column":5}}},"fnMap":{"0":{"name":"createProduct","decl":{"start":{"line":3,"column":22},"end":{"line":3,"column":35}},"loc":{"start":{"line":3,"column":42},"end":{"line":5,"column":1}},"line":3},"1":{"name":"getProductsByAttributes","decl":{"start":{"line":7,"column":22},"end":{"line":7,"column":45}},"loc":{"start":{"line":7,"column":78},"end":{"line":21,"column":1}},"line":7},"2":{"name":"getProductById","decl":{"start":{"line":23,"column":22},"end":{"line":23,"column":36}},"loc":{"start":{"line":23,"column":48},"end":{"line":25,"column":1}},"line":23},"3":{"name":"deleteProductById","decl":{"start":{"line":27,"column":22},"end":{"line":27,"column":39}},"loc":{"start":{"line":27,"column":51},"end":{"line":29,"column":1}},"line":27},"4":{"name":"updateProduct","decl":{"start":{"line":31,"column":22},"end":{"line":31,"column":35}},"loc":{"start":{"line":31,"column":53},"end":{"line":33,"column":1}},"line":31},"5":{"name":"getAllProducts","decl":{"start":{"line":35,"column":22},"end":{"line":35,"column":36}},"loc":{"start":{"line":35,"column":46},"end":{"line":37,"column":1}},"line":35},"6":{"name":"getProductsByFamily","decl":{"start":{"line":39,"column":22},"end":{"line":39,"column":41}},"loc":{"start":{"line":39,"column":50},"end":{"line":48,"column":1}},"line":39}},"branchMap":{"0":{"loc":{"start":{"line":10,"column":10},"end":{"line":10,"column":28}},"type":"binary-expr","locations":[{"start":{"line":10,"column":10},"end":{"line":10,"column":15}},{"start":{"line":10,"column":19},"end":{"line":10,"column":28}}],"line":10},"1":{"loc":{"start":{"line":11,"column":10},"end":{"line":11,"column":30}},"type":"binary-expr","locations":[{"start":{"line":11,"column":10},"end":{"line":11,"column":16}},{"start":{"line":11,"column":20},"end":{"line":11,"column":30}}],"line":11},"2":{"loc":{"start":{"line":12,"column":10},"end":{"line":12,"column":50}},"type":"binary-expr","locations":[{"start":{"line":12,"column":10},"end":{"line":12,"column":33}},{"start":{"line":12,"column":37},"end":{"line":12,"column":50}}],"line":12},"3":{"loc":{"start":{"line":13,"column":10},"end":{"line":18,"column":7}},"type":"binary-expr","locations":[{"start":{"line":13,"column":10},"end":{"line":13,"column":14}},{"start":{"line":13,"column":18},"end":{"line":18,"column":7}}],"line":13},"4":{"loc":{"start":{"line":42,"column":10},"end":{"line":42,"column":30}},"type":"binary-expr","locations":[{"start":{"line":42,"column":10},"end":{"line":42,"column":16}},{"start":{"line":42,"column":20},"end":{"line":42,"column":30}}],"line":42}},"s":{"0":5,"1":5,"2":12,"3":1,"4":2,"5":0,"6":2},"f":{"0":5,"1":5,"2":12,"3":1,"4":2,"5":0,"6":2},"b":{"0":[5,3],"1":[5,0],"2":[5,4],"3":[5,3],"4":[2,2]},"_coverageSchema":"1a1c01bbd47fc00a2c39e90264f33305004495a9","hash":"66e121b032e39123989d362ffd2efcf9e8227e88"}
,"D:\\Uni\\SENG2021\\H14B_CoolCoolCool\\backend\\src\\services\\userService.js": {"path":"D:\\Uni\\SENG2021\\H14B_CoolCoolCool\\backend\\src\\services\\userService.js","statementMap":{"0":{"start":{"line":8,"column":113},"end":{"line":8,"column":117}},"1":{"start":{"line":10,"column":19},"end":{"line":10,"column":70}},"2":{"start":{"line":11,"column":2},"end":{"line":15,"column":3}},"3":{"start":{"line":12,"column":16},"end":{"line":12,"column":49}},"4":{"start":{"line":13,"column":4},"end":{"line":13,"column":33}},"5":{"start":{"line":14,"column":4},"end":{"line":14,"column":14}},"6":{"start":{"line":17,"column":17},"end":{"line":17,"column":48}},"7":{"start":{"line":18,"column":16},"end":{"line":20,"column":4}},"8":{"start":{"line":22,"column":16},"end":{"line":26,"column":3}},"9":{"start":{"line":28,"column":2},"end":{"line":28,"column":43}},"10":{"start":{"line":32,"column":16},"end":{"line":32,"column":67}},"11":{"start":{"line":33,"column":2},"end":{"line":37,"column":3}},"12":{"start":{"line":34,"column":16},"end":{"line":34,"column":48}},"13":{"start":{"line":35,"column":4},"end":{"line":35,"column":37}},"14":{"start":{"line":36,"column":4},"end":{"line":36,"column":14}},"15":{"start":{"line":39,"column":16},"end":{"line":39,"column":62}},"16":{"start":{"line":40,"column":2},"end":{"line":44,"column":3}},"17":{"start":{"line":41,"column":16},"end":{"line":41,"column":48}},"18":{"start":{"line":42,"column":4},"end":{"line":42,"column":37}},"19":{"start":{"line":43,"column":4},"end":{"line":43,"column":14}},"20":{"start":{"line":46,"column":16},"end":{"line":50,"column":3}},"21":{"start":{"line":52,"column":2},"end":{"line":52,"column":43}},"22":{"start":{"line":58,"column":155},"end":{"line":58,"column":159}},"23":{"start":{"line":60,"column":19},"end":{"line":60,"column":71}},"24":{"start":{"line":61,"column":2},"end":{"line":65,"column":3}},"25":{"start":{"line":62,"column":16},"end":{"line":62,"column":49}},"26":{"start":{"line":63,"column":4},"end":{"line":63,"column":33}},"27":{"start":{"line":64,"column":4},"end":{"line":64,"column":14}},"28":{"start":{"line":67,"column":17},"end":{"line":67,"column":48}},"29":{"start":{"line":68,"column":17},"end":{"line":70,"column":4}},"30":{"start":{"line":72,"column":16},"end":{"line":76,"column":3}},"31":{"start":{"line":78,"column":2},"end":{"line":78,"column":46}},"32":{"start":{"line":82,"column":17},"end":{"line":82,"column":69}},"33":{"start":{"line":83,"column":2},"end":{"line":87,"column":3}},"34":{"start":{"line":84,"column":16},"end":{"line":84,"column":48}},"35":{"start":{"line":85,"column":4},"end":{"line":85,"column":37}},"36":{"start":{"line":86,"column":4},"end":{"line":86,"column":14}},"37":{"start":{"line":89,"column":16},"end":{"line":89,"column":63}},"38":{"start":{"line":90,"column":2},"end":{"line":94,"column":3}},"39":{"start":{"line":91,"column":16},"end":{"line":91,"column":48}},"40":{"start":{"line":92,"column":4},"end":{"line":92,"column":37}},"41":{"start":{"line":93,"column":4},"end":{"line":93,"column":14}},"42":{"start":{"line":96,"column":16},"end":{"line":100,"column":3}},"43":{"start":{"line":102,"column":2},"end":{"line":102,"column":46}}},"fnMap":{"0":{"name":"registerBuyer","decl":{"start":{"line":7,"column":22},"end":{"line":7,"column":35}},"loc":{"start":{"line":7,"column":42},"end":{"line":29,"column":1}},"line":7},"1":{"name":"loginBuyer","decl":{"start":{"line":31,"column":22},"end":{"line":31,"column":32}},"loc":{"start":{"line":31,"column":54},"end":{"line":53,"column":1}},"line":31},"2":{"name":"registerSeller","decl":{"start":{"line":57,"column":22},"end":{"line":57,"column":36}},"loc":{"start":{"line":57,"column":43},"end":{"line":79,"column":1}},"line":57},"3":{"name":"loginSeller","decl":{"start":{"line":81,"column":22},"end":{"line":81,"column":33}},"loc":{"start":{"line":81,"column":55},"end":{"line":103,"column":1}},"line":81}},"branchMap":{"0":{"loc":{"start":{"line":11,"column":2},"end":{"line":15,"column":3}},"type":"if","locations":[{"start":{"line":11,"column":2},"end":{"line":15,"column":3}},{"start":{},"end":{}}],"line":11},"1":{"loc":{"start":{"line":33,"column":2},"end":{"line":37,"column":3}},"type":"if","locations":[{"start":{"line":33,"column":2},"end":{"line":37,"column":3}},{"start":{},"end":{}}],"line":33},"2":{"loc":{"start":{"line":40,"column":2},"end":{"line":44,"column":3}},"type":"if","locations":[{"start":{"line":40,"column":2},"end":{"line":44,"column":3}},{"start":{},"end":{}}],"line":40},"3":{"loc":{"start":{"line":61,"column":2},"end":{"line":65,"column":3}},"type":"if","locations":[{"start":{"line":61,"column":2},"end":{"line":65,"column":3}},{"start":{},"end":{}}],"line":61},"4":{"loc":{"start":{"line":83,"column":2},"end":{"line":87,"column":3}},"type":"if","locations":[{"start":{"line":83,"column":2},"end":{"line":87,"column":3}},{"start":{},"end":{}}],"line":83},"5":{"loc":{"start":{"line":90,"column":2},"end":{"line":94,"column":3}},"type":"if","locations":[{"start":{"line":90,"column":2},"end":{"line":94,"column":3}},{"start":{},"end":{}}],"line":90}},"s":{"0":3,"1":3,"2":3,"3":1,"4":1,"5":1,"6":2,"7":2,"8":2,"9":2,"10":3,"11":3,"12":1,"13":1,"14":1,"15":2,"16":2,"17":1,"18":1,"19":1,"20":1,"21":1,"22":2,"23":2,"24":2,"25":1,"26":1,"27":1,"28":1,"29":1,"30":1,"31":1,"32":3,"33":3,"34":1,"35":1,"36":1,"37":2,"38":2,"39":1,"40":1,"41":1,"42":1,"43":1},"f":{"0":3,"1":3,"2":2,"3":3},"b":{"0":[1,2],"1":[1,2],"2":[1,1],"3":[1,1],"4":[1,2],"5":[1,1]},"_coverageSchema":"1a1c01bbd47fc00a2c39e90264f33305004495a9","hash":"daa18f2dc5f84b0657312e2488de74cebf900de2"}
,"D:\\Uni\\SENG2021\\H14B_CoolCoolCool\\backend\\src\\services\\xmlService.js": {"path":"D:\\Uni\\SENG2021\\H14B_CoolCoolCool\\backend\\src\\services\\xmlService.js","statementMap":{"0":{"start":{"line":5,"column":2},"end":{"line":5,"column":39}},"1":{"start":{"line":5,"column":32},"end":{"line":5,"column":39}},"2":{"start":{"line":7,"column":19},"end":{"line":7,"column":42}},"3":{"start":{"line":10,"column":19},"end":{"line":28,"column":31}},"4":{"start":{"line":10,"column":44},"end":{"line":28,"column":19}},"5":{"start":{"line":30,"column":18},"end":{"line":141,"column":9}},"6":{"start":{"line":143,"column":2},"end":{"line":143,"column":17}},"7":{"start":{"line":147,"column":2},"end":{"line":147,"column":89}},"8":{"start":{"line":147,"column":44},"end":{"line":147,"column":84}},"9":{"start":{"line":151,"column":30},"end":{"line":151,"column":54}},"10":{"start":{"line":152,"column":2},"end":{"line":152,"column":63}},"11":{"start":{"line":156,"column":2},"end":{"line":156,"column":59}}},"fnMap":{"0":{"name":"create_xml","decl":{"start":{"line":4,"column":9},"end":{"line":4,"column":19}},"loc":{"start":{"line":4,"column":28},"end":{"line":144,"column":1}},"line":4},"1":{"name":"(anonymous_1)","decl":{"start":{"line":10,"column":36},"end":{"line":10,"column":37}},"loc":{"start":{"line":10,"column":44},"end":{"line":28,"column":19}},"line":10},"2":{"name":"getLineExtension","decl":{"start":{"line":146,"column":9},"end":{"line":146,"column":25}},"loc":{"start":{"line":146,"column":34},"end":{"line":148,"column":1}},"line":146},"3":{"name":"(anonymous_3)","decl":{"start":{"line":147,"column":29},"end":{"line":147,"column":30}},"loc":{"start":{"line":147,"column":44},"end":{"line":147,"column":84}},"line":147},"4":{"name":"getTaxAmount","decl":{"start":{"line":150,"column":9},"end":{"line":150,"column":21}},"loc":{"start":{"line":150,"column":30},"end":{"line":153,"column":1}},"line":150},"5":{"name":"getPayableAmount","decl":{"start":{"line":155,"column":9},"end":{"line":155,"column":25}},"loc":{"start":{"line":155,"column":34},"end":{"line":157,"column":1}},"line":155}},"branchMap":{"0":{"loc":{"start":{"line":5,"column":2},"end":{"line":5,"column":39}},"type":"if","locations":[{"start":{"line":5,"column":2},"end":{"line":5,"column":39}},{"start":{},"end":{}}],"line":5},"1":{"loc":{"start":{"line":5,"column":6},"end":{"line":5,"column":30}},"type":"binary-expr","locations":[{"start":{"line":5,"column":6},"end":{"line":5,"column":13}},{"start":{"line":5,"column":17},"end":{"line":5,"column":30}}],"line":5},"2":{"loc":{"start":{"line":38,"column":14},"end":{"line":38,"column":37}},"type":"binary-expr","locations":[{"start":{"line":38,"column":14},"end":{"line":38,"column":31}},{"start":{"line":38,"column":35},"end":{"line":38,"column":37}}],"line":38},"3":{"loc":{"start":{"line":41,"column":14},"end":{"line":41,"column":55}},"type":"binary-expr","locations":[{"start":{"line":41,"column":14},"end":{"line":41,"column":49}},{"start":{"line":41,"column":53},"end":{"line":41,"column":55}}],"line":41}},"s":{"0":12,"1":1,"2":11,"3":11,"4":21,"5":11,"6":11,"7":94,"8":178,"9":47,"10":47,"11":18},"f":{"0":12,"1":21,"2":94,"3":178,"4":47,"5":18},"b":{"0":[1,11],"1":[12,11],"2":[11,0],"3":[11,0]},"_coverageSchema":"1a1c01bbd47fc00a2c39e90264f33305004495a9","hash":"13ec0c8503da36ae36378715674b6a304ffb0682"}
}
