TN:
SF:src\prisma.js
FNF:0
FNH:0
DA:4,13
DA:5,13
DA:7,13
LF:3
LH:3
BRDA:4,0,0,13
BRDA:4,0,1,0
BRF:2
BRH:1
end_of_record
TN:
SF:src\server.js
FN:23,(anonymous_0)
FN:31,(anonymous_1)
FNF:2
FNH:1
FNDA:5,(anonymous_0)
FNDA:0,(anonymous_1)
DA:11,13
DA:12,13
DA:15,13
DA:16,13
DA:17,13
DA:18,13
DA:19,13
DA:20,13
DA:21,13
DA:23,13
DA:24,5
DA:25,5
DA:27,0
DA:30,13
DA:31,0
DA:32,0
LF:16
LH:13
BRDA:12,0,0,13
BRDA:12,0,1,13
BRDA:24,1,0,5
BRDA:24,1,1,0
BRDA:24,2,0,5
BRDA:24,2,1,5
BRDA:24,2,2,5
BRDA:30,3,0,0
BRDA:30,3,1,13
BRF:9
BRH:7
end_of_record
TN:
SF:src\controllers\buyerController.js
FN:3,register
FN:17,login
FNF:2
FNH:2
FNDA:4,register
FNDA:4,login
DA:4,4
DA:5,4
DA:6,1
DA:8,3
DA:9,3
DA:10,2
DA:12,1
DA:13,0
DA:18,4
DA:19,4
DA:20,3
DA:21,3
DA:22,1
DA:24,2
DA:25,0
LF:15
LH:13
BRDA:5,0,0,1
BRDA:5,0,1,3
BRDA:5,1,0,4
BRDA:5,1,1,4
BRDA:5,1,2,4
BRDA:5,1,3,3
BRDA:5,1,4,3
BRDA:5,1,5,3
BRDA:5,1,6,3
BRDA:12,2,0,1
BRDA:12,2,1,0
BRDA:19,3,0,1
BRDA:19,3,1,3
BRDA:19,4,0,4
BRDA:19,4,1,4
BRDA:24,5,0,2
BRDA:24,5,1,0
BRF:17
BRH:15
end_of_record
TN:
SF:src\controllers\healthController.js
FN:1,getHealth
FNF:1
FNH:1
FNDA:1,getHealth
DA:2,1
LF:1
LH:1
BRF:0
BRH:0
end_of_record
TN:
SF:src\controllers\orderController.js
FN:6,postOrder
FN:65,getOrder
FN:93,deleteOrder
FN:119,putOrder
FN:171,listOrders
FN:180,(anonymous_5)
FNF:6
FNH:6
FNDA:7,postOrder
FNDA:8,getOrder
FNDA:6,deleteOrder
FNDA:5,putOrder
FNDA:6,listOrders
FNDA:5,(anonymous_5)
DA:4,13
DA:8,7
DA:9,7
DA:11,7
DA:12,1
DA:15,6
DA:17,6
DA:18,1
DA:23,5
DA:24,5
DA:25,5
DA:26,5
DA:27,5
DA:29,5
DA:30,5
DA:43,1
DA:44,1
DA:49,4
DA:61,0
DA:66,8
DA:68,8
DA:69,8
DA:71,7
DA:72,3
DA:75,4
DA:77,4
DA:88,1
DA:89,1
DA:94,6
DA:96,6
DA:97,6
DA:99,5
DA:100,2
DA:103,3
DA:105,3
DA:111,1
DA:112,1
DA:120,5
DA:122,5
DA:123,1
DA:126,4
DA:127,4
DA:129,3
DA:130,1
DA:133,2
DA:142,2
DA:143,2
DA:144,2
DA:145,2
DA:147,2
DA:155,2
DA:166,1
DA:167,1
DA:172,6
DA:174,6
DA:175,6
DA:176,6
DA:178,6
DA:179,6
DA:180,5
DA:187,1
DA:188,1
LF:62
LH:61
BRDA:11,0,0,1
BRDA:11,0,1,6
BRDA:17,1,0,1
BRDA:17,1,1,5
BRDA:17,2,0,6
BRDA:17,2,1,5
BRDA:17,2,2,5
BRDA:17,2,3,5
BRDA:71,3,0,3
BRDA:71,3,1,4
BRDA:99,4,0,2
BRDA:99,4,1,3
BRDA:122,5,0,1
BRDA:122,5,1,4
BRDA:122,6,0,5
BRDA:122,6,1,5
BRDA:129,7,0,1
BRDA:129,7,1,2
BRDA:139,8,0,2
BRDA:139,8,1,1
BRDA:175,9,0,2
BRDA:175,9,1,4
BRDA:176,10,0,2
BRDA:176,10,1,4
BRF:24
BRH:24
end_of_record
TN:
SF:src\controllers\productController.js
FN:3,postProduct
FN:51,getProducts
FN:77,getProductId
FN:95,putProduct
FN:125,deleteProduct
FN:151,getProductFamily
FNF:6
FNH:6
FNDA:7,postProduct
FNDA:5,getProducts
FNDA:4,getProductId
FNDA:3,putProduct
FNDA:1,deleteProduct
FNDA:3,getProductFamily
DA:5,7
DA:7,7
DA:8,1
DA:11,6
DA:13,6
DA:14,1
DA:18,5
DA:19,5
DA:20,5
DA:35,1
DA:36,1
DA:38,0
DA:41,4
DA:47,0
DA:52,5
DA:54,5
DA:55,5
DA:56,5
DA:57,5
DA:59,5
DA:66,5
DA:69,0
DA:70,0
DA:78,4
DA:80,4
DA:81,4
DA:83,4
DA:84,2
DA:87,2
DA:90,0
DA:91,0
DA:96,3
DA:98,3
DA:99,3
DA:101,3
DA:102,1
DA:105,2
DA:113,2
DA:117,1
DA:120,1
DA:121,1
DA:126,1
DA:128,1
DA:129,1
DA:131,1
DA:132,0
DA:135,1
DA:137,1
DA:143,0
DA:144,0
DA:152,3
DA:154,3
DA:155,3
DA:157,3
DA:158,1
DA:160,2
DA:162,2
DA:163,2
DA:166,0
DA:167,0
LF:60
LH:49
BRDA:7,0,0,1
BRDA:7,0,1,6
BRDA:13,1,0,1
BRDA:13,1,1,5
BRDA:13,2,0,6
BRDA:13,2,1,5
BRDA:13,2,2,5
BRDA:13,2,3,5
BRDA:13,2,4,5
BRDA:13,2,5,5
BRDA:13,2,6,5
BRDA:13,2,7,5
BRDA:13,2,8,5
BRDA:35,3,0,1
BRDA:35,3,1,0
BRDA:56,4,0,0
BRDA:56,4,1,5
BRDA:57,5,0,3
BRDA:57,5,1,2
BRDA:83,6,0,2
BRDA:83,6,1,2
BRDA:101,7,0,1
BRDA:101,7,1,2
BRDA:106,8,0,2
BRDA:106,8,1,0
BRDA:107,9,0,2
BRDA:107,9,1,1
BRDA:108,10,0,2
BRDA:108,10,1,1
BRDA:109,11,0,2
BRDA:109,11,1,1
BRDA:110,12,0,2
BRDA:110,12,1,1
BRDA:131,13,0,0
BRDA:131,13,1,1
BRDA:157,14,0,1
BRDA:157,14,1,2
BRF:37
BRH:33
end_of_record
TN:
SF:src\controllers\sellerController.js
FN:3,register
FN:17,login
FNF:2
FNH:2
FNDA:4,register
FNDA:4,login
DA:4,4
DA:5,4
DA:6,2
DA:8,2
DA:9,2
DA:10,1
DA:12,1
DA:13,0
DA:18,4
DA:19,4
DA:20,3
DA:21,3
DA:22,1
DA:24,2
DA:25,0
LF:15
LH:13
BRDA:5,0,0,2
BRDA:5,0,1,2
BRDA:5,1,0,4
BRDA:5,1,1,4
BRDA:5,1,2,4
BRDA:5,1,3,3
BRDA:5,1,4,3
BRDA:5,1,5,3
BRDA:5,1,6,3
BRDA:5,1,7,3
BRDA:5,1,8,3
BRDA:5,1,9,3
BRDA:5,1,10,3
BRDA:5,1,11,3
BRDA:5,1,12,3
BRDA:12,2,0,1
BRDA:12,2,1,0
BRDA:19,3,0,1
BRDA:19,3,1,3
BRDA:19,4,0,4
BRDA:19,4,1,4
BRDA:24,5,0,2
BRDA:24,5,1,0
BRF:23
BRH:21
end_of_record
TN:
SF:src\middleware\auth.js
FN:3,authMiddleware
FNF:1
FNH:1
FNDA:73,authMiddleware
DA:4,73
DA:5,73
DA:7,65
DA:9,65
DA:10,65
DA:11,55
DA:12,55
DA:14,10
LF:8
LH:8
BRDA:5,0,0,8
BRDA:5,0,1,65
BRDA:7,1,0,0
BRDA:7,1,1,65
BRF:4
BRH:3
end_of_record
TN:
SF:src\routes\buyers.js
FNF:0
FNH:0
DA:4,13
DA:35,13
DA:58,13
LF:3
LH:3
BRF:0
BRH:0
end_of_record
TN:
SF:src\routes\docs.js
FN:35,(anonymous_0)
FN:61,(anonymous_1)
FNF:2
FNH:0
FNDA:0,(anonymous_0)
FNDA:0,(anonymous_1)
DA:6,13
DA:7,13
DA:9,13
DA:11,13
DA:28,13
DA:33,13
DA:35,13
DA:36,0
DA:61,13
DA:62,0
LF:10
LH:8
BRF:0
BRH:0
end_of_record
TN:
SF:src\routes\health.js
FNF:0
FNH:0
DA:4,13
DA:32,13
LF:2
LH:2
BRF:0
BRH:0
end_of_record
TN:
SF:src\routes\orders.js
FN:113,(anonymous_0)
FN:115,(anonymous_1)
FN:155,(anonymous_2)
FN:157,(anonymous_3)
FN:197,(anonymous_4)
FN:199,(anonymous_5)
FN:241,(anonymous_6)
FN:243,(anonymous_7)
FN:357,(anonymous_8)
FN:359,(anonymous_9)
FNF:10
FNH:10
FNDA:8,(anonymous_0)
FNDA:7,(anonymous_1)
FNDA:10,(anonymous_2)
FNDA:8,(anonymous_3)
FNDA:8,(anonymous_4)
FNDA:6,(anonymous_5)
FNDA:8,(anonymous_6)
FNDA:6,(anonymous_7)
FNDA:7,(anonymous_8)
FNDA:5,(anonymous_9)
DA:5,13
DA:113,13
DA:114,8
DA:116,7
DA:155,13
DA:156,10
DA:158,8
DA:197,13
DA:198,8
DA:200,6
DA:241,13
DA:242,8
DA:244,6
DA:357,13
DA:358,7
DA:360,5
LF:16
LH:16
BRF:0
BRH:0
end_of_record
TN:
SF:src\routes\products.js
FN:7,(anonymous_0)
FN:9,(anonymous_1)
FN:13,(anonymous_2)
FN:15,(anonymous_3)
FN:19,(anonymous_4)
FN:21,(anonymous_5)
FN:25,(anonymous_6)
FN:27,(anonymous_7)
FN:31,(anonymous_8)
FN:33,(anonymous_9)
FN:37,(anonymous_10)
FN:39,(anonymous_11)
FNF:12
FNH:12
FNDA:8,(anonymous_0)
FNDA:7,(anonymous_1)
FNDA:7,(anonymous_2)
FNDA:5,(anonymous_3)
FNDA:8,(anonymous_4)
FNDA:4,(anonymous_5)
FNDA:3,(anonymous_6)
FNDA:3,(anonymous_7)
FNDA:1,(anonymous_8)
FNDA:1,(anonymous_9)
FNDA:5,(anonymous_10)
FNDA:3,(anonymous_11)
DA:5,13
DA:7,13
DA:8,8
DA:10,7
DA:13,13
DA:14,7
DA:16,5
DA:19,13
DA:20,8
DA:22,4
DA:25,13
DA:26,3
DA:28,3
DA:31,13
DA:32,1
DA:34,1
DA:37,13
DA:38,5
DA:40,3
LF:19
LH:19
BRF:0
BRH:0
end_of_record
TN:
SF:src\routes\sellers.js
FNF:0
FNH:0
DA:4,13
DA:38,13
DA:61,13
LF:3
LH:3
BRF:0
BRH:0
end_of_record
TN:
SF:src\services\orderService.js
FN:3,createOrder
FN:7,getOrderById
FN:11,deleteOrderById
FN:15,updateOrder
FN:19,getAllOrders
FNF:5
FNH:5
FNDA:5,createOrder
FNDA:18,getOrderById
FNDA:3,deleteOrderById
FNDA:2,updateOrder
FNDA:6,getAllOrders
DA:4,5
DA:8,18
DA:12,3
DA:16,2
DA:20,6
LF:5
LH:5
BRF:0
BRH:0
end_of_record
TN:
SF:src\services\productService.js
FN:3,createProduct
FN:7,getProductsByAttributes
FN:23,getProductById
FN:27,deleteProductById
FN:31,updateProduct
FN:35,getAllProducts
FN:39,getProductsByFamily
FNF:7
FNH:6
FNDA:5,createProduct
FNDA:5,getProductsByAttributes
FNDA:12,getProductById
FNDA:1,deleteProductById
FNDA:2,updateProduct
FNDA:0,getAllProducts
FNDA:2,getProductsByFamily
DA:4,5
DA:8,5
DA:24,12
DA:28,1
DA:32,2
DA:36,0
DA:40,2
LF:7
LH:6
BRDA:10,0,0,5
BRDA:10,0,1,3
BRDA:11,1,0,5
BRDA:11,1,1,0
BRDA:12,2,0,5
BRDA:12,2,1,4
BRDA:13,3,0,5
BRDA:13,3,1,3
BRDA:42,4,0,2
BRDA:42,4,1,2
BRF:10
BRH:9
end_of_record
TN:
SF:src\services\userService.js
FN:7,registerBuyer
FN:31,loginBuyer
FN:57,registerSeller
FN:81,loginSeller
FNF:4
FNH:4
FNDA:3,registerBuyer
FNDA:3,loginBuyer
FNDA:2,registerSeller
FNDA:3,loginSeller
DA:8,3
DA:10,3
DA:11,3
DA:12,1
DA:13,1
DA:14,1
DA:17,2
DA:18,2
DA:22,2
DA:28,2
DA:32,3
DA:33,3
DA:34,1
DA:35,1
DA:36,1
DA:39,2
DA:40,2
DA:41,1
DA:42,1
DA:43,1
DA:46,1
DA:52,1
DA:58,2
DA:60,2
DA:61,2
DA:62,1
DA:63,1
DA:64,1
DA:67,1
DA:68,1
DA:72,1
DA:78,1
DA:82,3
DA:83,3
DA:84,1
DA:85,1
DA:86,1
DA:89,2
DA:90,2
DA:91,1
DA:92,1
DA:93,1
DA:96,1
DA:102,1
LF:44
LH:44
BRDA:11,0,0,1
BRDA:11,0,1,2
BRDA:33,1,0,1
BRDA:33,1,1,2
BRDA:40,2,0,1
BRDA:40,2,1,1
BRDA:61,3,0,1
BRDA:61,3,1,1
BRDA:83,4,0,1
BRDA:83,4,1,2
BRDA:90,5,0,1
BRDA:90,5,1,1
BRF:12
BRH:12
end_of_record
TN:
SF:src\services\xmlService.js
FN:4,create_xml
FN:10,(anonymous_1)
FN:146,getLineExtension
FN:147,(anonymous_3)
FN:150,getTaxAmount
FN:155,getPayableAmount
FNF:6
FNH:6
FNDA:12,create_xml
FNDA:21,(anonymous_1)
FNDA:94,getLineExtension
FNDA:178,(anonymous_3)
FNDA:47,getTaxAmount
FNDA:18,getPayableAmount
DA:5,12
DA:7,11
DA:10,21
DA:30,11
DA:143,11
DA:147,178
DA:151,47
DA:152,47
DA:156,18
LF:9
LH:9
BRDA:5,0,0,1
BRDA:5,0,1,11
BRDA:5,1,0,12
BRDA:5,1,1,11
BRDA:38,2,0,11
BRDA:38,2,1,0
BRDA:41,3,0,11
BRDA:41,3,1,0
BRF:8
BRH:6
end_of_record
