<?xml version="1.0" encoding="UTF-8"?>
<coverage generated="1773548895813" clover="3.2.0">
  <project timestamp="1773548895813" name="All files">
    <metrics statements="76" coveredstatements="72" conditionals="31" coveredconditionals="27" methods="21" coveredmethods="20" elements="128" coveredelements="119" complexity="0" loc="76" ncloc="76" packages="5" files="9" classes="9"/>
    <package name="src">
      <metrics statements="16" coveredstatements="15" conditionals="9" coveredconditionals="7" methods="1" coveredmethods="1"/>
      <file name="prisma.js" path="/workspaces/H14B_CoolCoolCool/src/prisma.js">
        <metrics statements="3" coveredstatements="3" conditionals="2" coveredconditionals="1" methods="0" coveredmethods="0"/>
        <line num="4" count="3" type="cond" truecount="1" falsecount="1"/>
        <line num="5" count="3" type="stmt"/>
        <line num="7" count="3" type="stmt"/>
      </file>
      <file name="server.js" path="/workspaces/H14B_CoolCoolCool/src/server.js">
        <metrics statements="13" coveredstatements="12" conditionals="7" coveredconditionals="6" methods="1" coveredmethods="1"/>
        <line num="9" count="3" type="stmt"/>
        <line num="10" count="3" type="cond" truecount="2" falsecount="0"/>
        <line num="12" count="3" type="stmt"/>
        <line num="29" count="3" type="stmt"/>
        <line num="30" count="3" type="stmt"/>
        <line num="32" count="3" type="stmt"/>
        <line num="33" count="3" type="stmt"/>
        <line num="34" count="3" type="stmt"/>
        <line num="35" count="3" type="stmt"/>
        <line num="37" count="3" type="stmt"/>
        <line num="38" count="2" type="cond" truecount="4" falsecount="1"/>
        <line num="39" count="2" type="stmt"/>
        <line num="41" count="0" type="stmt"/>
      </file>
    </package>
    <package name="src.controllers">
      <metrics statements="32" coveredstatements="29" conditionals="10" coveredconditionals="10" methods="4" coveredmethods="3"/>
      <file name="healthController.js" path="/workspaces/H14B_CoolCoolCool/src/controllers/healthController.js">
        <metrics statements="1" coveredstatements="0" conditionals="0" coveredconditionals="0" methods="1" coveredmethods="0"/>
        <line num="2" count="0" type="stmt"/>
      </file>
      <file name="orderController.js" path="/workspaces/H14B_CoolCoolCool/src/controllers/orderController.js">
        <metrics statements="31" coveredstatements="29" conditionals="10" coveredconditionals="10" methods="3" coveredmethods="3"/>
        <line num="4" count="3" type="stmt"/>
        <line num="7" count="4" type="stmt"/>
        <line num="9" count="4" type="cond" truecount="6" falsecount="0"/>
        <line num="10" count="1" type="stmt"/>
        <line num="15" count="3" type="stmt"/>
        <line num="16" count="3" type="stmt"/>
        <line num="17" count="3" type="stmt"/>
        <line num="18" count="3" type="stmt"/>
        <line num="19" count="3" type="stmt"/>
        <line num="21" count="3" type="stmt"/>
        <line num="33" count="3" type="stmt"/>
        <line num="45" count="0" type="stmt"/>
        <line num="46" count="0" type="stmt"/>
        <line num="51" count="8" type="stmt"/>
        <line num="53" count="8" type="stmt"/>
        <line num="54" count="8" type="stmt"/>
        <line num="56" count="7" type="cond" truecount="2" falsecount="0"/>
        <line num="57" count="3" type="stmt"/>
        <line num="60" count="4" type="stmt"/>
        <line num="62" count="4" type="stmt"/>
        <line num="73" count="1" type="stmt"/>
        <line num="74" count="1" type="stmt"/>
        <line num="79" count="6" type="stmt"/>
        <line num="81" count="6" type="stmt"/>
        <line num="82" count="6" type="stmt"/>
        <line num="84" count="5" type="cond" truecount="2" falsecount="0"/>
        <line num="85" count="2" type="stmt"/>
        <line num="88" count="3" type="stmt"/>
        <line num="90" count="3" type="stmt"/>
        <line num="96" count="1" type="stmt"/>
        <line num="97" count="1" type="stmt"/>
      </file>
    </package>
    <package name="src.middleware">
      <metrics statements="4" coveredstatements="4" conditionals="4" coveredconditionals="4" methods="1" coveredmethods="1"/>
      <file name="auth.js" path="/workspaces/H14B_CoolCoolCool/src/middleware/auth.js">
        <metrics statements="4" coveredstatements="4" conditionals="4" coveredconditionals="4" methods="1" coveredmethods="1"/>
        <line num="2" count="23" type="stmt"/>
        <line num="3" count="23" type="cond" truecount="4" falsecount="0"/>
        <line num="4" count="5" type="stmt"/>
        <line num="6" count="18" type="stmt"/>
      </file>
    </package>
    <package name="src.routes">
      <metrics statements="12" coveredstatements="12" conditionals="0" coveredconditionals="0" methods="6" coveredmethods="6"/>
      <file name="health.js" path="/workspaces/H14B_CoolCoolCool/src/routes/health.js">
        <metrics statements="2" coveredstatements="2" conditionals="0" coveredconditionals="0" methods="0" coveredmethods="0"/>
        <line num="4" count="3" type="stmt"/>
        <line num="32" count="3" type="stmt"/>
      </file>
      <file name="orders.js" path="/workspaces/H14B_CoolCoolCool/src/routes/orders.js">
        <metrics statements="10" coveredstatements="10" conditionals="0" coveredconditionals="0" methods="6" coveredmethods="6"/>
        <line num="5" count="3" type="stmt"/>
        <line num="113" count="3" type="stmt"/>
        <line num="114" count="5" type="stmt"/>
        <line num="116" count="4" type="stmt"/>
        <line num="155" count="3" type="stmt"/>
        <line num="156" count="10" type="stmt"/>
        <line num="158" count="8" type="stmt"/>
        <line num="195" count="3" type="stmt"/>
        <line num="196" count="8" type="stmt"/>
        <line num="198" count="6" type="stmt"/>
      </file>
    </package>
    <package name="src.services">
      <metrics statements="12" coveredstatements="12" conditionals="8" coveredconditionals="6" methods="9" coveredmethods="9"/>
      <file name="orderService.js" path="/workspaces/H14B_CoolCoolCool/src/services/orderService.js">
        <metrics statements="3" coveredstatements="3" conditionals="0" coveredconditionals="0" methods="3" coveredmethods="3"/>
        <line num="4" count="3" type="stmt"/>
        <line num="8" count="14" type="stmt"/>
        <line num="12" count="3" type="stmt"/>
      </file>
      <file name="xmlService.js" path="/workspaces/H14B_CoolCoolCool/src/services/xmlService.js">
        <metrics statements="9" coveredstatements="9" conditionals="8" coveredconditionals="6" methods="6" coveredmethods="6"/>
        <line num="5" count="8" type="cond" truecount="4" falsecount="0"/>
        <line num="7" count="7" type="stmt"/>
        <line num="10" count="14" type="stmt"/>
        <line num="30" count="7" type="stmt"/>
        <line num="143" count="7" type="stmt"/>
        <line num="147" count="108" type="stmt"/>
        <line num="151" count="27" type="stmt"/>
        <line num="152" count="27" type="stmt"/>
        <line num="156" count="10" type="stmt"/>
      </file>
    </package>
  </project>
</coverage>
