{"/workspaces/H14B_CoolCoolCool/src/prisma.js": {"path":"/workspaces/H14B_CoolCoolCool/src/prisma.js","statementMap":{"0":{"start":{"line":4,"column":0},"end":{"line":6,"column":1}},"1":{"start":{"line":5,"column":2},"end":{"line":5,"column":37}},"2":{"start":{"line":7,"column":0},"end":{"line":7,"column":23}}},"fnMap":{},"branchMap":{"0":{"loc":{"start":{"line":4,"column":0},"end":{"line":6,"column":1}},"type":"if","locations":[{"start":{"line":4,"column":0},"end":{"line":6,"column":1}},{"start":{},"end":{}}],"line":4}},"s":{"0":3,"1":3,"2":3},"f":{},"b":{"0":[3,0]},"_coverageSchema":"1a1c01bbd47fc00a2c39e90264f33305004495a9","hash":"7887a3d58378f2ddd67de1675a94a5c68b83435f"}
,"/workspaces/H14B_CoolCoolCool/src/server.js": {"path":"/workspaces/H14B_CoolCoolCool/src/server.js","statementMap":{"0":{"start":{"line":9,"column":12},"end":{"line":9,"column":21}},"1":{"start":{"line":10,"column":13},"end":{"line":10,"column":37}},"2":{"start":{"line":12,"column":26},"end":{"line":27,"column":1}},"3":{"start":{"line":29,"column":16},"end":{"line":29,"column":66}},"4":{"start":{"line":30,"column":20},"end":{"line":30,"column":41}},"5":{"start":{"line":32,"column":0},"end":{"line":32,"column":24}},"6":{"start":{"line":33,"column":0},"end":{"line":33,"column":68}},"7":{"start":{"line":34,"column":0},"end":{"line":34,"column":32}},"8":{"start":{"line":35,"column":0},"end":{"line":35,"column":33}},"9":{"start":{"line":37,"column":0},"end":{"line":42,"column":3}},"10":{"start":{"line":38,"column":2},"end":{"line":40,"column":3}},"11":{"start":{"line":39,"column":4},"end":{"line":39,"column":55}},"12":{"start":{"line":41,"column":2},"end":{"line":41,"column":9}}},"fnMap":{"0":{"name":"(anonymous_0)","decl":{"start":{"line":37,"column":8},"end":{"line":37,"column":9}},"loc":{"start":{"line":37,"column":33},"end":{"line":42,"column":1}},"line":37}},"branchMap":{"0":{"loc":{"start":{"line":10,"column":13},"end":{"line":10,"column":37}},"type":"binary-expr","locations":[{"start":{"line":10,"column":13},"end":{"line":10,"column":29}},{"start":{"line":10,"column":33},"end":{"line":10,"column":37}}],"line":10},"1":{"loc":{"start":{"line":38,"column":2},"end":{"line":40,"column":3}},"type":"if","locations":[{"start":{"line":38,"column":2},"end":{"line":40,"column":3}},{"start":{},"end":{}}],"line":38},"2":{"loc":{"start":{"line":38,"column":6},"end":{"line":38,"column":71}},"type":"binary-expr","locations":[{"start":{"line":38,"column":6},"end":{"line":38,"column":32}},{"start":{"line":38,"column":36},"end":{"line":38,"column":54}},{"start":{"line":38,"column":58},"end":{"line":38,"column":71}}],"line":38}},"s":{"0":3,"1":3,"2":3,"3":3,"4":3,"5":3,"6":3,"7":3,"8":3,"9":3,"10":2,"11":2,"12":0},"f":{"0":2},"b":{"0":[3,3],"1":[2,0],"2":[2,2,2]},"_coverageSchema":"1a1c01bbd47fc00a2c39e90264f33305004495a9","hash":"c1840433a95dfbdc1c8ab887d992a6463bcc55d0"}
,"/workspaces/H14B_CoolCoolCool/src/controllers/healthController.js": {"path":"/workspaces/H14B_CoolCoolCool/src/controllers/healthController.js","statementMap":{"0":{"start":{"line":2,"column":2},"end":{"line":6,"column":5}}},"fnMap":{"0":{"name":"getHealth","decl":{"start":{"line":1,"column":16},"end":{"line":1,"column":25}},"loc":{"start":{"line":1,"column":36},"end":{"line":7,"column":1}},"line":1}},"branchMap":{},"s":{"0":0},"f":{"0":0},"b":{},"_coverageSchema":"1a1c01bbd47fc00a2c39e90264f33305004495a9","hash":"93065060cf378fe05c7685693a26ed04a98359c2"}
,"/workspaces/H14B_CoolCoolCool/src/controllers/orderController.js": {"path":"/workspaces/H14B_CoolCoolCool/src/controllers/orderController.js","statementMap":{"0":{"start":{"line":4,"column":22},"end":{"line":4,"column":26}},"1":{"start":{"line":7,"column":80},"end":{"line":7,"column":88}},"2":{"start":{"line":9,"column":2},"end":{"line":13,"column":3}},"3":{"start":{"line":10,"column":4},"end":{"line":12,"column":7}},"4":{"start":{"line":15,"column":2},"end":{"line":47,"column":3}},"5":{"start":{"line":16,"column":23},"end":{"line":16,"column":43}},"6":{"start":{"line":17,"column":22},"end":{"line":17,"column":63}},"7":{"start":{"line":18,"column":26},"end":{"line":18,"column":71}},"8":{"start":{"line":19,"column":32},"end":{"line":19,"column":58}},"9":{"start":{"line":21,"column":4},"end":{"line":31,"column":7}},"10":{"start":{"line":33,"column":4},"end":{"line":43,"column":7}},"11":{"start":{"line":45,"column":4},"end":{"line":45,"column":25}},"12":{"start":{"line":46,"column":4},"end":{"line":46,"column":58}},"13":{"start":{"line":51,"column":18},"end":{"line":51,"column":31}},"14":{"start":{"line":53,"column":2},"end":{"line":75,"column":3}},"15":{"start":{"line":54,"column":18},"end":{"line":54,"column":45}},"16":{"start":{"line":56,"column":4},"end":{"line":58,"column":5}},"17":{"start":{"line":57,"column":6},"end":{"line":57,"column":64}},"18":{"start":{"line":60,"column":23},"end":{"line":60,"column":50}},"19":{"start":{"line":62,"column":4},"end":{"line":71,"column":7}},"20":{"start":{"line":73,"column":4},"end":{"line":73,"column":25}},"21":{"start":{"line":74,"column":4},"end":{"line":74,"column":58}},"22":{"start":{"line":79,"column":20},"end":{"line":79,"column":33}},"23":{"start":{"line":81,"column":2},"end":{"line":101,"column":3}},"24":{"start":{"line":82,"column":18},"end":{"line":82,"column":45}},"25":{"start":{"line":84,"column":4},"end":{"line":86,"column":5}},"26":{"start":{"line":85,"column":6},"end":{"line":85,"column":64}},"27":{"start":{"line":88,"column":4},"end":{"line":88,"column":35}},"28":{"start":{"line":90,"column":4},"end":{"line":94,"column":7}},"29":{"start":{"line":96,"column":4},"end":{"line":96,"column":25}},"30":{"start":{"line":97,"column":4},"end":{"line":100,"column":7}}},"fnMap":{"0":{"name":"postOrder","decl":{"start":{"line":6,"column":22},"end":{"line":6,"column":31}},"loc":{"start":{"line":6,"column":42},"end":{"line":48,"column":1}},"line":6},"1":{"name":"getOrder","decl":{"start":{"line":50,"column":22},"end":{"line":50,"column":30}},"loc":{"start":{"line":50,"column":41},"end":{"line":76,"column":1}},"line":50},"2":{"name":"deleteOrder","decl":{"start":{"line":78,"column":22},"end":{"line":78,"column":33}},"loc":{"start":{"line":78,"column":44},"end":{"line":102,"column":1}},"line":78}},"branchMap":{"0":{"loc":{"start":{"line":9,"column":2},"end":{"line":13,"column":3}},"type":"if","locations":[{"start":{"line":9,"column":2},"end":{"line":13,"column":3}},{"start":{},"end":{}}],"line":9},"1":{"loc":{"start":{"line":9,"column":6},"end":{"line":9,"column":72}},"type":"binary-expr","locations":[{"start":{"line":9,"column":6},"end":{"line":9,"column":16}},{"start":{"line":9,"column":20},"end":{"line":9,"column":37}},{"start":{"line":9,"column":41},"end":{"line":9,"column":47}},{"start":{"line":9,"column":51},"end":{"line":9,"column":72}}],"line":9},"2":{"loc":{"start":{"line":56,"column":4},"end":{"line":58,"column":5}},"type":"if","locations":[{"start":{"line":56,"column":4},"end":{"line":58,"column":5}},{"start":{},"end":{}}],"line":56},"3":{"loc":{"start":{"line":84,"column":4},"end":{"line":86,"column":5}},"type":"if","locations":[{"start":{"line":84,"column":4},"end":{"line":86,"column":5}},{"start":{},"end":{}}],"line":84}},"s":{"0":3,"1":4,"2":4,"3":1,"4":3,"5":3,"6":3,"7":3,"8":3,"9":3,"10":3,"11":0,"12":0,"13":8,"14":8,"15":8,"16":7,"17":3,"18":4,"19":4,"20":1,"21":1,"22":6,"23":6,"24":6,"25":5,"26":2,"27":3,"28":3,"29":1,"30":1},"f":{"0":4,"1":8,"2":6},"b":{"0":[1,3],"1":[4,3,3,3],"2":[3,4],"3":[2,3]},"_coverageSchema":"1a1c01bbd47fc00a2c39e90264f33305004495a9","hash":"c2081dfc7edf1ffbabea06ff2123bd1243ec5236"}
,"/workspaces/H14B_CoolCoolCool/src/middleware/auth.js": {"path":"/workspaces/H14B_CoolCoolCool/src/middleware/auth.js","statementMap":{"0":{"start":{"line":2,"column":21},"end":{"line":2,"column":49}},"1":{"start":{"line":3,"column":2},"end":{"line":5,"column":3}},"2":{"start":{"line":4,"column":4},"end":{"line":4,"column":59}},"3":{"start":{"line":6,"column":2},"end":{"line":6,"column":9}}},"fnMap":{"0":{"name":"authMiddleware","decl":{"start":{"line":1,"column":16},"end":{"line":1,"column":30}},"loc":{"start":{"line":1,"column":47},"end":{"line":7,"column":1}},"line":1}},"branchMap":{"0":{"loc":{"start":{"line":3,"column":2},"end":{"line":5,"column":3}},"type":"if","locations":[{"start":{"line":3,"column":2},"end":{"line":5,"column":3}},{"start":{},"end":{}}],"line":3},"1":{"loc":{"start":{"line":3,"column":6},"end":{"line":3,"column":51}},"type":"binary-expr","locations":[{"start":{"line":3,"column":6},"end":{"line":3,"column":17}},{"start":{"line":3,"column":21},"end":{"line":3,"column":51}}],"line":3}},"s":{"0":23,"1":23,"2":5,"3":18},"f":{"0":23},"b":{"0":[5,18],"1":[23,21]},"_coverageSchema":"1a1c01bbd47fc00a2c39e90264f33305004495a9","hash":"933ca7fcdd6f16f23a4e5f2a6530b851dd4c44e1"}
,"/workspaces/H14B_CoolCoolCool/src/routes/health.js": {"path":"/workspaces/H14B_CoolCoolCool/src/routes/health.js","statementMap":{"0":{"start":{"line":4,"column":15},"end":{"line":4,"column":31}},"1":{"start":{"line":32,"column":0},"end":{"line":32,"column":27}}},"fnMap":{},"branchMap":{},"s":{"0":3,"1":3},"f":{},"b":{},"_coverageSchema":"1a1c01bbd47fc00a2c39e90264f33305004495a9","hash":"25d9626cb9a11466a884305d9e7939e9967fffdc"}
,"/workspaces/H14B_CoolCoolCool/src/routes/orders.js": {"path":"/workspaces/H14B_CoolCoolCool/src/routes/orders.js","statementMap":{"0":{"start":{"line":5,"column":15},"end":{"line":5,"column":31}},"1":{"start":{"line":113,"column":0},"end":{"line":117,"column":3}},"2":{"start":{"line":114,"column":2},"end":{"line":114,"column":33}},"3":{"start":{"line":116,"column":2},"end":{"line":116,"column":22}},"4":{"start":{"line":155,"column":0},"end":{"line":159,"column":3}},"5":{"start":{"line":156,"column":2},"end":{"line":156,"column":33}},"6":{"start":{"line":158,"column":2},"end":{"line":158,"column":21}},"7":{"start":{"line":195,"column":0},"end":{"line":199,"column":3}},"8":{"start":{"line":196,"column":2},"end":{"line":196,"column":33}},"9":{"start":{"line":198,"column":2},"end":{"line":198,"column":24}}},"fnMap":{"0":{"name":"(anonymous_0)","decl":{"start":{"line":113,"column":17},"end":{"line":113,"column":18}},"loc":{"start":{"line":113,"column":37},"end":{"line":115,"column":1}},"line":113},"1":{"name":"(anonymous_1)","decl":{"start":{"line":115,"column":3},"end":{"line":115,"column":4}},"loc":{"start":{"line":115,"column":17},"end":{"line":117,"column":1}},"line":115},"2":{"name":"(anonymous_2)","decl":{"start":{"line":155,"column":19},"end":{"line":155,"column":20}},"loc":{"start":{"line":155,"column":39},"end":{"line":157,"column":1}},"line":155},"3":{"name":"(anonymous_3)","decl":{"start":{"line":157,"column":3},"end":{"line":157,"column":4}},"loc":{"start":{"line":157,"column":17},"end":{"line":159,"column":1}},"line":157},"4":{"name":"(anonymous_4)","decl":{"start":{"line":195,"column":22},"end":{"line":195,"column":23}},"loc":{"start":{"line":195,"column":42},"end":{"line":197,"column":1}},"line":195},"5":{"name":"(anonymous_5)","decl":{"start":{"line":197,"column":3},"end":{"line":197,"column":4}},"loc":{"start":{"line":197,"column":17},"end":{"line":199,"column":1}},"line":197}},"branchMap":{},"s":{"0":3,"1":3,"2":5,"3":4,"4":3,"5":10,"6":8,"7":3,"8":8,"9":6},"f":{"0":5,"1":4,"2":10,"3":8,"4":8,"5":6},"b":{},"_coverageSchema":"1a1c01bbd47fc00a2c39e90264f33305004495a9","hash":"07ebdf30f1b24033e6744b05f386573f0a916484"}
,"/workspaces/H14B_CoolCoolCool/src/services/orderService.js": {"path":"/workspaces/H14B_CoolCoolCool/src/services/orderService.js","statementMap":{"0":{"start":{"line":4,"column":2},"end":{"line":4,"column":45}},"1":{"start":{"line":8,"column":2},"end":{"line":8,"column":63}},"2":{"start":{"line":12,"column":2},"end":{"line":12,"column":59}}},"fnMap":{"0":{"name":"createOrder","decl":{"start":{"line":3,"column":22},"end":{"line":3,"column":33}},"loc":{"start":{"line":3,"column":40},"end":{"line":5,"column":1}},"line":3},"1":{"name":"getOrderById","decl":{"start":{"line":7,"column":22},"end":{"line":7,"column":34}},"loc":{"start":{"line":7,"column":44},"end":{"line":9,"column":1}},"line":7},"2":{"name":"deleteOrderById","decl":{"start":{"line":11,"column":22},"end":{"line":11,"column":37}},"loc":{"start":{"line":11,"column":47},"end":{"line":13,"column":1}},"line":11}},"branchMap":{},"s":{"0":3,"1":14,"2":3},"f":{"0":3,"1":14,"2":3},"b":{},"_coverageSchema":"1a1c01bbd47fc00a2c39e90264f33305004495a9","hash":"1be59c018aa338e944aa4a9050d01c89d5933c03"}
,"/workspaces/H14B_CoolCoolCool/src/services/xmlService.js": {"path":"/workspaces/H14B_CoolCoolCool/src/services/xmlService.js","statementMap":{"0":{"start":{"line":5,"column":2},"end":{"line":5,"column":39}},"1":{"start":{"line":5,"column":32},"end":{"line":5,"column":39}},"2":{"start":{"line":7,"column":19},"end":{"line":7,"column":42}},"3":{"start":{"line":10,"column":19},"end":{"line":28,"column":31}},"4":{"start":{"line":10,"column":44},"end":{"line":28,"column":19}},"5":{"start":{"line":30,"column":18},"end":{"line":141,"column":9}},"6":{"start":{"line":143,"column":2},"end":{"line":143,"column":17}},"7":{"start":{"line":147,"column":2},"end":{"line":147,"column":89}},"8":{"start":{"line":147,"column":44},"end":{"line":147,"column":84}},"9":{"start":{"line":151,"column":30},"end":{"line":151,"column":54}},"10":{"start":{"line":152,"column":2},"end":{"line":152,"column":63}},"11":{"start":{"line":156,"column":2},"end":{"line":156,"column":59}}},"fnMap":{"0":{"name":"create_xml","decl":{"start":{"line":4,"column":9},"end":{"line":4,"column":19}},"loc":{"start":{"line":4,"column":28},"end":{"line":144,"column":1}},"line":4},"1":{"name":"(anonymous_1)","decl":{"start":{"line":10,"column":36},"end":{"line":10,"column":37}},"loc":{"start":{"line":10,"column":44},"end":{"line":28,"column":19}},"line":10},"2":{"name":"getLineExtension","decl":{"start":{"line":146,"column":9},"end":{"line":146,"column":25}},"loc":{"start":{"line":146,"column":34},"end":{"line":148,"column":1}},"line":146},"3":{"name":"(anonymous_3)","decl":{"start":{"line":147,"column":29},"end":{"line":147,"column":30}},"loc":{"start":{"line":147,"column":44},"end":{"line":147,"column":84}},"line":147},"4":{"name":"getTaxAmount","decl":{"start":{"line":150,"column":9},"end":{"line":150,"column":21}},"loc":{"start":{"line":150,"column":30},"end":{"line":153,"column":1}},"line":150},"5":{"name":"getPayableAmount","decl":{"start":{"line":155,"column":9},"end":{"line":155,"column":25}},"loc":{"start":{"line":155,"column":34},"end":{"line":157,"column":1}},"line":155}},"branchMap":{"0":{"loc":{"start":{"line":5,"column":2},"end":{"line":5,"column":39}},"type":"if","locations":[{"start":{"line":5,"column":2},"end":{"line":5,"column":39}},{"start":{},"end":{}}],"line":5},"1":{"loc":{"start":{"line":5,"column":6},"end":{"line":5,"column":30}},"type":"binary-expr","locations":[{"start":{"line":5,"column":6},"end":{"line":5,"column":13}},{"start":{"line":5,"column":17},"end":{"line":5,"column":30}}],"line":5},"2":{"loc":{"start":{"line":38,"column":14},"end":{"line":38,"column":37}},"type":"binary-expr","locations":[{"start":{"line":38,"column":14},"end":{"line":38,"column":31}},{"start":{"line":38,"column":35},"end":{"line":38,"column":37}}],"line":38},"3":{"loc":{"start":{"line":41,"column":14},"end":{"line":41,"column":55}},"type":"binary-expr","locations":[{"start":{"line":41,"column":14},"end":{"line":41,"column":49}},{"start":{"line":41,"column":53},"end":{"line":41,"column":55}}],"line":41}},"s":{"0":8,"1":1,"2":7,"3":7,"4":14,"5":7,"6":7,"7":54,"8":108,"9":27,"10":27,"11":10},"f":{"0":8,"1":14,"2":54,"3":108,"4":27,"5":10},"b":{"0":[1,7],"1":[8,7],"2":[7,0],"3":[7,0]},"_coverageSchema":"1a1c01bbd47fc00a2c39e90264f33305004495a9","hash":"725f2a8e485757ea8fb09efe8d5575743405a1af"}
}
