TN:
SF:src/prisma.js
FNF:0
FNH:0
DA:4,3
DA:5,3
DA:7,3
LF:3
LH:3
BRDA:4,0,0,3
BRDA:4,0,1,0
BRF:2
BRH:1
end_of_record
TN:
SF:src/server.js
FN:37,(anonymous_0)
FNF:1
FNH:1
FNDA:2,(anonymous_0)
DA:9,3
DA:10,3
DA:12,3
DA:29,3
DA:30,3
DA:32,3
DA:33,3
DA:34,3
DA:35,3
DA:37,3
DA:38,2
DA:39,2
DA:41,0
LF:13
LH:12
BRDA:10,0,0,3
BRDA:10,0,1,3
BRDA:38,1,0,2
BRDA:38,1,1,0
BRDA:38,2,0,2
BRDA:38,2,1,2
BRDA:38,2,2,2
BRF:7
BRH:6
end_of_record
TN:
SF:src/controllers/healthController.js
FN:1,getHealth
FNF:1
FNH:0
FNDA:0,getHealth
DA:2,0
LF:1
LH:0
BRF:0
BRH:0
end_of_record
TN:
SF:src/controllers/orderController.js
FN:6,postOrder
FN:50,getOrder
FN:78,deleteOrder
FNF:3
FNH:3
FNDA:4,postOrder
FNDA:8,getOrder
FNDA:6,deleteOrder
DA:4,3
DA:7,4
DA:9,4
DA:10,1
DA:15,3
DA:16,3
DA:17,3
DA:18,3
DA:19,3
DA:21,3
DA:33,3
DA:45,0
DA:46,0
DA:51,8
DA:53,8
DA:54,8
DA:56,7
DA:57,3
DA:60,4
DA:62,4
DA:73,1
DA:74,1
DA:79,6
DA:81,6
DA:82,6
DA:84,5
DA:85,2
DA:88,3
DA:90,3
DA:96,1
DA:97,1
LF:31
LH:29
BRDA:9,0,0,1
BRDA:9,0,1,3
BRDA:9,1,0,4
BRDA:9,1,1,3
BRDA:9,1,2,3
BRDA:9,1,3,3
BRDA:56,2,0,3
BRDA:56,2,1,4
BRDA:84,3,0,2
BRDA:84,3,1,3
BRF:10
BRH:10
end_of_record
TN:
SF:src/middleware/auth.js
FN:1,authMiddleware
FNF:1
FNH:1
FNDA:23,authMiddleware
DA:2,23
DA:3,23
DA:4,5
DA:6,18
LF:4
LH:4
BRDA:3,0,0,5
BRDA:3,0,1,18
BRDA:3,1,0,23
BRDA:3,1,1,21
BRF:4
BRH:4
end_of_record
TN:
SF:src/routes/health.js
FNF:0
FNH:0
DA:4,3
DA:32,3
LF:2
LH:2
BRF:0
BRH:0
end_of_record
TN:
SF:src/routes/orders.js
FN:113,(anonymous_0)
FN:115,(anonymous_1)
FN:155,(anonymous_2)
FN:157,(anonymous_3)
FN:195,(anonymous_4)
FN:197,(anonymous_5)
FNF:6
FNH:6
FNDA:5,(anonymous_0)
FNDA:4,(anonymous_1)
FNDA:10,(anonymous_2)
FNDA:8,(anonymous_3)
FNDA:8,(anonymous_4)
FNDA:6,(anonymous_5)
DA:5,3
DA:113,3
DA:114,5
DA:116,4
DA:155,3
DA:156,10
DA:158,8
DA:195,3
DA:196,8
DA:198,6
LF:10
LH:10
BRF:0
BRH:0
end_of_record
TN:
SF:src/services/orderService.js
FN:3,createOrder
FN:7,getOrderById
FN:11,deleteOrderById
FNF:3
FNH:3
FNDA:3,createOrder
FNDA:14,getOrderById
FNDA:3,deleteOrderById
DA:4,3
DA:8,14
DA:12,3
LF:3
LH:3
BRF:0
BRH:0
end_of_record
TN:
SF:src/services/xmlService.js
FN:4,create_xml
FN:10,(anonymous_1)
FN:146,getLineExtension
FN:147,(anonymous_3)
FN:150,getTaxAmount
FN:155,getPayableAmount
FNF:6
FNH:6
FNDA:8,create_xml
FNDA:14,(anonymous_1)
FNDA:54,getLineExtension
FNDA:108,(anonymous_3)
FNDA:27,getTaxAmount
FNDA:10,getPayableAmount
DA:5,8
DA:7,7
DA:10,14
DA:30,7
DA:143,7
DA:147,108
DA:151,27
DA:152,27
DA:156,10
LF:9
LH:9
BRDA:5,0,0,1
BRDA:5,0,1,7
BRDA:5,1,0,8
BRDA:5,1,1,7
BRDA:38,2,0,7
BRDA:38,2,1,0
BRDA:41,3,0,7
BRDA:41,3,1,0
BRF:8
BRH:6
end_of_record
